[09-08 10:36:58] [INFO] Session Manager 读取了 D:\code\xiaoling-bot0830\session_data 的数据
[09-08 10:36:58] [INFO] 消息（所有消息）接收函数订阅成功
[09-08 10:36:58] [INFO] 论坛事件订阅成功
[09-08 10:36:58] [INFO] 初始事件注册成功
[09-08 10:36:58] [DEBUG] [机器人ws地址] wss://api.sgroup.qq.com/websocket
[09-08 10:36:58] [INFO] 连接成功，机器人开始运行
[09-08 10:36:59] [INFO] 机器人频道用户ID：16339539897453438804
[09-08 10:36:59] [INFO] 机器人在知识学习交流频道运行
[09-08 10:37:03] [ERROR] KeyError('互助区')
[09-08 10:37:03] [ERROR] [error:KeyError('互助区')] File "d:\code\xiaoling-bot0830\qq-bot.py", line 84, in set
[09-08 10:37:20] [INFO] Session Manager 读取了 D:\code\xiaoling-bot0830\session_data 的数据
[09-08 10:37:20] [INFO] 消息（所有消息）接收函数订阅成功
[09-08 10:37:20] [INFO] 论坛事件订阅成功
[09-08 10:37:20] [INFO] 初始事件注册成功
[09-08 10:37:20] [DEBUG] [机器人ws地址] wss://api.sgroup.qq.com/websocket
[09-08 10:37:20] [INFO] 连接成功，机器人开始运行
[09-08 10:37:21] [INFO] 机器人频道用户ID：16339539897453438804
[09-08 10:37:21] [INFO] 机器人在知识学习交流频道运行
[09-08 10:37:30] [INFO] @小灵bot 本人承诺信息真实，以下信息皆为本人自愿提供学校：灯湖中学
地址：广东省佛山市南海区桂城街道千灯湖创投小镇夏西良溪工业区
本人目前初三
行为：强制周末补课，无补课费用，严重占用休息时间，导致压力过大（初二要求6点左右到校，初三要求3点到校）
诉求：恢复双休，周一返校
途径：
0757-86237161南海区教育局
0757-83331257佛山市教育局
020-37628623广东省教育厅
谢谢🙏！
[09-08 10:37:30] [INFO] {
    "委托表":"合法",
    "免责声明":"合法",
    "补课年级":"合法",
    "补课时间":"合法",
    "举报途径":"合法",
    "收费情况":"合法",
    "违规行为":"合法"
}
[09-08 10:37:31] [INFO]  bot管家 通过考核
