[09-10 09:13:05] [INFO] Session Manager 读取了 D:\code\xiaoling-bot0830\session_data 的数据
[09-10 09:13:05] [INFO] 消息（所有消息）接收函数订阅成功
[09-10 09:13:05] [INFO] 论坛事件订阅成功
[09-10 09:13:05] [INFO] 初始事件注册成功
[09-10 09:13:05] [DEBUG] [机器人ws地址] wss://api.sgroup.qq.com/websocket
[09-10 09:13:06] [INFO] 连接成功，机器人开始运行
[09-10 09:13:06] [INFO] 机器人频道用户ID：16339539897453438804
[09-10 09:13:06] [INFO] 机器人在小灵bot测试频道运行
[09-10 09:13:47] [DEBUG] 心跳发送成功
[09-10 09:14:28] [DEBUG] 心跳发送成功
[09-10 09:15:09] [DEBUG] 心跳发送成功
[09-10 09:15:51] [DEBUG] 心跳发送成功
[09-10 09:16:12] [INFO] @小灵bot 
承诺下列信息均为本人自愿自主提供，且确保信息真实。
学校名称： 郴州市第一职中                
学校性质： 职业高中
学校地址： 湖南省郴州市苏仙区郴江路
 违规行为：晚自习上新课内容，变相强迫学生上晚自习，时间为7：00～9：05，共三节，严重影响学生的作息时间，危害学生身体健康，侵害学生权益
对象：高一到高二学生
诉求： 停止学校走读生的晚自习。
[09-10 09:16:12] [INFO] {
    "委托表":"合法",
    "免责声明":"合法",
    "补课年级":"合法",
    "补课时间":"合法",
    "举报途径":"没有写明举报途径，请提供区号+12345或教育部门的电话",
    "收费情况":"没有写明补课具体收费情况。收费情况可以写无/不明/具体的收费，只要提到了就可以。",
    "违规行为":"合法"
}
[09-10 09:16:32] [DEBUG] 心跳发送成功
[09-10 09:17:13] [DEBUG] 心跳发送成功
[09-10 09:17:55] [DEBUG] 心跳发送成功
[09-10 09:18:36] [DEBUG] 心跳发送成功
[09-10 09:18:50] [INFO] @小灵bot 承诺下列信息均为本人自愿自主提供，且确保信息真实
省：广东
市：揭阳
县：普宁
学校：普宁市大长陇中学
省级教育厅：02037626346
市级教育局：06638724411
县级教育局：06632222451或06632244840
私自占用周六给高中部和初中部补课，初中部七年级5班和6班不仅周六需要补课，还需要上缴150元，高中部高一级给重点班的1班和2班补课，其余班级没有，目前高中部已经有功课表，并且明天周六就要去上
[09-10 09:18:50] [INFO] {
    "委托表":"合法",
    "免责声明":"合法",
    "补课年级":"合法",
    "补课时间":"合法",
    "举报途径":"合法",
    "收费情况":"合法",
    "违规行为":"合法"
}
[09-10 09:18:51] [INFO]  bot管家 通过考核
[09-10 09:19:17] [DEBUG] 心跳发送成功
