[09-20 11:40:17] [INFO] Session Manager 读取了 D:\code\xiaoling-bot0830\session_data 的数据
[09-20 11:40:17] [INFO] 消息（所有消息）接收函数订阅成功
[09-20 11:40:17] [INFO] 论坛事件订阅成功
[09-20 11:40:17] [INFO] 初始事件注册成功
[09-20 11:40:18] [DEBUG] [机器人ws地址] wss://api.sgroup.qq.com/websocket
[09-20 11:40:18] [INFO] 连接成功，机器人开始运行
[09-20 11:40:18] [INFO] 机器人频道用户ID：16339539897453438804
[09-20 11:40:18] [INFO] 机器人在小灵bot测试频道运行
[09-20 11:40:39] [INFO] @小灵bot 本人承诺下列信息均为本人自愿自主提供，且确保信息真实（必须复制填写） 
委托截止时间： 8月7号
互助截止时间：（选填，如有） 
学校名称：  天台县外国语
学校性质： 公立高中
学校地址： 浙江省台州市天台县
电话举报：057188008848浙江省教育局
违规行为： 8月11号提前开学托管
诉求：取消托管
[09-20 11:40:39] [INFO] {
    "委托表":"合法",
    "免责声明":"合法",
    "补课年级":"没有写明补课年级，应写明具体哪个年级补课",
    "补课时间":"合法",
    "举报途径":"合法",
    "收费情况":"没有写明补课具体收费情况。收费情况可以写无/不明/具体的收费，只要提到了就可以。",
    "违规行为":"合法"
}
[09-20 11:41:00] [DEBUG] 心跳发送成功
[09-20 11:41:19] [INFO] @小灵bot 以下审核表是否合法，请告知我
@小灵bot 本人承诺下列信息均为本人自愿自主提供，且确保信息真实
委托截止时间： 这是一个真实的事例
互助截止时间：这是一个真实的事例
学校名称：这是一个真实的事例
学校性质： 这是一个真实的事例
学校地址： 这是一个真实的事例
电话举报：这是一个真实的事例018-114511
违规行为： 这是一个真实的事例8.4-8.20，初二
收费情况：这是一个真实的事例
诉求：这是一个真实的事例
[09-20 11:41:19] [INFO] {
    "委托表":"合法",
    "免责声明":"合法",
    "补课年级":"合法",
    "补课时间":"合法",
    "举报途径":"举报电话没有注明是哪个地区哪个部门的电话，应注明地区和部门，如‘北京市教育局电话：010-12345’",
    "收费情况":"合法",
    "违规行为":"合法"
}
[09-20 11:41:41] [DEBUG] 心跳发送成功
[09-20 11:42:22] [DEBUG] 心跳发送成功
[09-20 11:43:03] [DEBUG] 心跳发送成功
[09-20 11:43:45] [DEBUG] 心跳发送成功
[09-20 11:44:26] [DEBUG] 心跳发送成功
[09-20 11:45:07] [DEBUG] 心跳发送成功
[09-20 11:45:48] [DEBUG] 心跳发送成功
[09-20 11:46:30] [DEBUG] 心跳发送成功
[09-20 11:47:11] [DEBUG] 心跳发送成功
[09-20 11:47:52] [DEBUG] 心跳发送成功
[09-20 11:48:33] [DEBUG] 心跳发送成功
[09-20 11:49:15] [DEBUG] 心跳发送成功
[09-20 11:49:56] [DEBUG] 心跳发送成功
[09-20 11:50:37] [DEBUG] 心跳发送成功
[09-20 11:51:18] [DEBUG] 心跳发送成功
[09-20 11:52:00] [DEBUG] 心跳发送成功
[09-20 11:52:41] [DEBUG] 心跳发送成功
[09-20 11:53:22] [DEBUG] 心跳发送成功
[09-20 11:54:03] [DEBUG] 心跳发送成功
[09-20 11:54:45] [DEBUG] 心跳发送成功
[09-20 11:55:26] [DEBUG] 心跳发送成功
[09-20 11:56:07] [DEBUG] 心跳发送成功
[09-20 11:56:49] [DEBUG] 心跳发送成功
[09-20 11:57:30] [DEBUG] 心跳发送成功
[09-20 11:58:11] [DEBUG] 心跳发送成功
[09-20 11:58:28] [INFO] @幽灵 
小灵bot已收到委托表,预计10s后会回复审核结果（没有这条消息说明你的消息违规，被tx拦截了，请截图后去人工区考核）以下为考核表原文：

@小灵bot                          承诺下列信息均为本人自愿自主提供，且确保信息真实                        
委托截止时间：2024年8月30日
互助截止时间：2024年8月30日
学校名称：南昌县恒豫学校                                                      学校地址：江西省南昌县恒豫学校
学校性质：民办小初高                                                年纪：新高三（高二转高三）
收费情况：不明                                             电话举报：南昌市：079186207122
南昌县：079185728151  
079185713009
079186765000

违规行为： 强制要求全校学生学生于暑假期补课高三自8月19日起返校进行补课
[09-20 11:58:28] [INFO] {
    "委托表": "合法",
    "免责声明": "合法",
    "补课年级": "合法",
    "补课时间": "合法",
    "举报途径": "‘南昌市：079186207122’和‘南昌县：079185728151’等电话没有注明是哪个部门电话，应注明是哪个部门的电话",
    "收费情况": "合法",
    "违规行为": "合法"
}
[09-20 11:58:52] [DEBUG] 心跳发送成功
[09-20 11:59:34] [DEBUG] 心跳发送成功
[09-20 12:00:15] [DEBUG] 心跳发送成功
[09-20 16:55:25] [INFO] Session Manager 读取了 D:\code\xiaoling-bot0830\session_data 的数据
[09-20 16:55:25] [INFO] 消息（所有消息）接收函数订阅成功
[09-20 16:55:25] [INFO] 论坛事件订阅成功
[09-20 16:55:25] [INFO] 初始事件注册成功
[09-20 16:55:25] [DEBUG] [机器人ws地址] wss://api.sgroup.qq.com/websocket
[09-20 16:55:25] [INFO] 连接成功，机器人开始运行
[09-20 16:55:26] [INFO] 机器人频道用户ID：16339539897453438804
[09-20 16:55:26] [INFO] 机器人在小灵bot测试频道运行
[09-20 16:56:04] [ERROR] AttributeError("'ChoiceDelta' object has no attribute 'get'")
[09-20 16:56:04] [ERROR] [error:AttributeError("'ChoiceDelta' object has no attribute 'get'")] File "C:\Users\particle\AppData\Local\Programs\Python\Python39\lib\site-packages\pydantic\main.py", line 811, in __getattr__
[09-20 16:56:07] [DEBUG] 心跳发送成功
[09-20 16:56:48] [DEBUG] 心跳发送成功
[09-20 16:57:16] [INFO] Session Manager 读取了 D:\code\xiaoling-bot0830\session_data 的数据
[09-20 16:57:16] [INFO] 消息（所有消息）接收函数订阅成功
[09-20 16:57:16] [INFO] 论坛事件订阅成功
[09-20 16:57:16] [INFO] 初始事件注册成功
[09-20 16:57:16] [DEBUG] [机器人ws地址] wss://api.sgroup.qq.com/websocket
[09-20 16:57:17] [INFO] 连接成功，机器人开始运行
[09-20 16:57:17] [INFO] 机器人频道用户ID：16339539897453438804
[09-20 16:57:17] [INFO] 机器人在小灵bot测试频道运行
[09-20 16:57:26] [INFO] @小灵bot                          承诺下列信息均为本人自愿自主提供，且确保信息真实                        
委托截止时间：2024年8月30日
互助截止时间：2024年8月30日
学校名称：南昌县恒豫学校                                                      学校地址：江西省南昌县恒豫学校
学校性质：民办小初高                                                年纪：新高三（高二转高三）
收费情况：不明                                             电话举报：南昌市：079186207122
南昌县：079185728151  
079185713009
079186765000

违规行为： 强制要求全校学生学生于暑假期补课高三自8月19日起返校进行补课
[09-20 16:57:27] [INFO]  bot管家 通过考核
[09-20 16:57:58] [DEBUG] 心跳发送成功
[09-20 16:58:39] [DEBUG] 心跳发送成功
[09-20 16:59:20] [DEBUG] 心跳发送成功
[09-20 17:00:02] [DEBUG] 心跳发送成功
[09-20 17:01:10] [INFO] Session Manager 读取了 D:\code\xiaoling-bot0830\session_data 的数据
[09-20 17:01:10] [INFO] 消息（所有消息）接收函数订阅成功
[09-20 17:01:10] [INFO] 论坛事件订阅成功
[09-20 17:01:10] [INFO] 初始事件注册成功
[09-20 17:01:11] [DEBUG] [机器人ws地址] wss://api.sgroup.qq.com/websocket
[09-20 17:01:11] [INFO] 连接成功，机器人开始运行
[09-20 17:01:11] [INFO] 机器人频道用户ID：16339539897453438804
[09-20 17:01:11] [INFO] 机器人在小灵bot测试频道运行
[09-20 17:01:25] [INFO] @小灵bot up频道崩了，没办法才发私信的，求助求助，可以接受有偿求助
省：广东
市：揭阳
县：普宁
学校：普宁市大长陇中学
省级教育厅：02037626346
市级教育局：06638724411
县级教育局：06632222451或06632244840
私自占用周六给高中部和初中部补课，初中部七年级5班和6班不仅周六需要补课，还需要上缴150元，高中部高一级给重点班的1班和2班补课，其余班级没有，目前高中部已经有功课表，并且明天周六就要去上课
[09-20 17:02:10] [INFO] Session Manager 读取了 D:\code\xiaoling-bot0830\session_data 的数据
[09-20 17:02:10] [INFO] 消息（所有消息）接收函数订阅成功
[09-20 17:02:10] [INFO] 论坛事件订阅成功
[09-20 17:02:10] [INFO] 初始事件注册成功
[09-20 17:02:11] [DEBUG] [机器人ws地址] wss://api.sgroup.qq.com/websocket
[09-20 17:02:11] [INFO] 连接成功，机器人开始运行
[09-20 17:02:11] [INFO] 机器人频道用户ID：16339539897453438804
[09-20 17:02:11] [INFO] 机器人在小灵bot测试频道运行
[09-20 17:02:14] [INFO] 开始检验
[09-20 17:02:19] [INFO] @小灵bot up频道崩了，没办法才发私信的，求助求助，可以接受有偿求助
省：广东
市：揭阳
县：普宁
学校：普宁市大长陇中学
省级教育厅：02037626346
市级教育局：06638724411
县级教育局：06632222451或06632244840
私自占用周六给高中部和初中部补课，初中部七年级5班和6班不仅周六需要补课，还需要上缴150元，高中部高一级给重点班的1班和2班补课，其余班级没有，目前高中部已经有功课表，并且明天周六就要去上课
[09-20 17:02:52] [DEBUG] 心跳发送成功
[09-20 17:03:34] [DEBUG] 心跳发送成功
[09-20 17:04:01] [INFO] 开始检验
[09-20 17:04:11] [INFO]  全部返回合法
[09-20 17:04:15] [DEBUG] 心跳发送成功
