[11-01 10:37:36] [INFO] Session Manager 读取了 D:\code\xiaoling-bot0830\session_data 的数据
[11-01 10:37:36] [INFO] 消息（所有消息）接收函数订阅成功
[11-01 10:37:36] [INFO] 论坛事件订阅成功
[11-01 10:37:36] [INFO] 初始事件注册成功
[11-01 10:37:36] [DEBUG] [机器人ws地址] wss://api.sgroup.qq.com/websocket
[11-01 10:37:37] [INFO] 连接成功，机器人开始运行
[11-01 10:37:37] [INFO] 机器人频道用户ID：16339539897453438804
[11-01 10:38:54] [INFO] Session Manager 读取了 D:\code\xiaoling-bot0830\session_data 的数据
[11-01 10:38:54] [INFO] 消息（所有消息）接收函数订阅成功
[11-01 10:38:54] [INFO] 论坛事件订阅成功
[11-01 10:38:54] [INFO] 初始事件注册成功
[11-01 10:38:54] [DEBUG] [机器人ws地址] wss://api.sgroup.qq.com/websocket
[11-01 10:38:55] [INFO] 连接成功，机器人开始运行
[11-01 10:38:55] [INFO] 机器人频道用户ID：16339539897453438804
[11-01 10:38:55] [INFO] 机器人在小灵bot测试频道运行
[11-01 10:39:04] [INFO] 开始检验
[11-01 10:39:11] [INFO] @小灵bot 
下列信息均为本人自愿自主提供，且确保信息真实
委托截止时间：2024年8月31日 

互助截止时间：2024年8月2日

学校名称：  洛阳市第一高级中学

学校性质： 公办高中

学校地址： 河南省洛阳市洛龙区学府街39号

电话举报：   
洛阳市教育局举报电话：0379 6325 3276
省教育局举报电话：
0371 6969 1980
违规行为： 从8月1日补课到8月25日，教育局规定放假时间为7月13日到8月25日。
补课对象：全体高三
收费情况：无
诉求： 停止学校补课行为
[11-01 10:39:12] [INFO]  bot管家 通过考核
