[11-08 21:50:21] [INFO] Session Manager 读取了 D:\code\xiaoling-bot0830\session_data 的数据
[11-08 21:50:21] [INFO] 消息（所有消息）接收函数订阅成功
[11-08 21:50:21] [INFO] 论坛事件订阅成功
[11-08 21:50:21] [INFO] 初始事件注册成功
[11-08 21:50:21] [DEBUG] [机器人ws地址] wss://api.sgroup.qq.com/websocket
[11-08 21:50:22] [INFO] 连接成功，机器人开始运行
[11-08 21:50:22] [INFO] 机器人频道用户ID：16339539897453438804
[11-08 21:50:22] [INFO] 机器人在小灵bot测试频道运行
[11-08 21:50:28] [INFO] 开始检验
[11-08 21:50:31] [INFO] @小灵bot 
下列信息均为本人自愿自主提供，且确保信息真实
委托截止时间：2024年8月31日 

互助截止时间：2024年8月2日

学校名称：  洛阳市第一高级中学

学校性质： 公办高中

学校地址： 河南省洛阳市洛龙区学府街39号

电话举报：   
洛阳市教育局举报电话：0379 6325 3276
省教育局举报电话：
0371 6969 1980
违规行为： 从8月1日补课到8月25日，教育局规定放假时间为7月13日到8月25日。
补课对象：全体高三
收费情况：无
诉求： 停止学校补课行为
[11-08 21:50:32] [INFO]  bot管家 通过考核
[11-08 21:51:03] [DEBUG] 心跳发送成功
[11-08 21:51:45] [DEBUG] 心跳发送成功
[11-08 21:52:05] [INFO] 开始检验
[11-08 21:52:09] [INFO] @小灵bot 
下列信息均为本人自愿自主提供，且确保信息真实
委托截止时间：2024年8月31日 

互助截止时间：2024年8月2日

学校名称：  洛阳市第一高级中学

学校性质： 公办高中

学校地址： 河南省洛阳市洛龙区学府街39号

电话举报：   
洛阳市教育局举报电话：0379 6325 3276
省教育局举报电话：
0371 6969 1980
违规行为： 从8月1日补课到8月25日，教育局规定放假时间为7月13日到8月25日。
补课对象：全体高三
收费情况：无
诉求： 停止学校补课行为
[11-08 21:52:10] [INFO]  盼夏 通过考核
[11-08 21:52:26] [DEBUG] 心跳发送成功
[11-08 21:53:07] [DEBUG] 心跳发送成功
[11-08 21:53:37] [INFO] 开始检验
[11-08 21:53:41] [INFO]  
下列信息均为本人自愿自主提供，且确保信息真实
委托截止时间：2024年8月31日 

互助截止时间：2024年8月2日

学校名称：  福建省云霄将军山学校

学校性质： 公办高中

学校地址： 河南省洛阳市洛龙区学府街39号

电话举报：   
洛阳市教育局举报电话：0379 6325 3276
省教育局举报电话：
0371 6969 1980
违规行为： 从8月1日补课到8月25日，教育局规定放假时间为7月13日到8月25日。
补课对象：全体高三
收费情况：无
诉求： 停止学校补课行为
[11-08 21:53:42] [INFO]  盼夏 通过考核
[11-08 21:53:48] [DEBUG] 心跳发送成功
[11-08 21:54:30] [DEBUG] 心跳发送成功
[11-08 21:55:11] [DEBUG] 心跳发送成功
[11-08 21:55:52] [DEBUG] 心跳发送成功
[11-08 21:56:33] [DEBUG] 心跳发送成功
[11-08 21:57:15] [DEBUG] 心跳发送成功
[11-08 21:57:56] [DEBUG] 心跳发送成功
[11-08 21:58:37] [DEBUG] 心跳发送成功
[11-08 21:59:18] [DEBUG] 心跳发送成功
[11-08 22:00:00] [DEBUG] 心跳发送成功
[11-08 22:00:41] [DEBUG] 心跳发送成功
[11-08 22:01:22] [DEBUG] 心跳发送成功
[11-08 22:02:03] [DEBUG] 心跳发送成功
[11-08 22:02:45] [DEBUG] 心跳发送成功
[11-08 22:03:26] [DEBUG] 心跳发送成功
[11-08 22:03:29] [INFO] 开始检验
[11-08 22:03:32] [INFO] @小灵bot 
下列信息均为本人自愿自主提供，且确保信息真实
委托截止时间：2024年8月31日 

互助截止时间：2024年8月2日

学校名称：  福建省云霄将军山学校

学校性质： 公办高中

学校地址： 河南省洛阳市洛龙区学府街39号

电话举报：   
洛阳市教育局举报电话：0379 6325 3276
省教育局举报电话：
0371 6969 1980
违规行为： 从8月1日补课到8月25日，教育局规定放假时间为7月13日到8月25日。
补课对象：全体高三
收费情况：无
诉求： 停止学校补课行为
[11-08 22:03:33] [INFO]  枫羽 通过考核
[11-08 22:03:48] [INFO] 开始检验
[11-08 22:03:54] [INFO] @小灵bot 
下列信息均为本人自愿自主提供，且确保信息真实
委托截止时间：2024年8月31日 

互助截止时间：2024年8月2日

学校名称：  洛阳市第一高级中学

学校性质： 公办高中

学校地址： 河南省洛阳市洛龙区学府街39号

电话举报：   

违规行为： 从8月1日补课到8月25日，教育局规定放假时间为7月13日到8月25日。
补课对象：全体高三
诉求： 停止学校补课行为
[11-08 22:04:07] [DEBUG] 心跳发送成功
[11-08 22:04:48] [DEBUG] 心跳发送成功
[11-08 22:04:51] [INFO] 开始检验
[11-08 22:04:56] [INFO] @小灵bot 
下列信息均为本人自愿自主提供，且确保信息真实
委托截止时间：2024年8月31日 

互助截止时间：2024年8月2日

学校名称：  福建省云霄将军山学校

学校性质： 公办高中

学校地址： 河南省洛阳市洛龙区学府街39号

电话举报：   
洛阳市教育局举报电话：0379 6325 3276
省教育局举报电话：
0371 6969 1980
违规行为： 从8月1日补课到8月25日，教育局规定放假时间为7月13日到8月25日。
补课对象：全体高三
收费情况：无
诉求： 停止学校补课行为
[11-08 22:04:57] [INFO]  吴骇（莫诺） 通过考核
[11-08 22:05:30] [DEBUG] 心跳发送成功
[11-08 22:06:11] [DEBUG] 心跳发送成功
[11-08 22:06:52] [DEBUG] 心跳发送成功
[11-08 22:07:33] [DEBUG] 心跳发送成功
[11-08 22:08:15] [DEBUG] 心跳发送成功
[11-08 22:08:56] [DEBUG] 心跳发送成功
[11-08 22:09:37] [DEBUG] 心跳发送成功
[11-08 22:10:19] [DEBUG] 心跳发送成功
[11-08 22:11:00] [DEBUG] 心跳发送成功
[11-08 22:11:41] [DEBUG] 心跳发送成功
[11-08 22:12:22] [DEBUG] 心跳发送成功
[11-08 22:13:04] [DEBUG] 心跳发送成功
[11-08 22:13:45] [DEBUG] 心跳发送成功
[11-08 22:14:26] [DEBUG] 心跳发送成功
[11-08 22:15:07] [DEBUG] 心跳发送成功
[11-08 22:15:49] [DEBUG] 心跳发送成功
[11-08 22:16:30] [DEBUG] 心跳发送成功
[11-08 22:17:11] [DEBUG] 心跳发送成功
[11-08 22:17:52] [DEBUG] 心跳发送成功
[11-08 22:18:34] [DEBUG] 心跳发送成功
[11-08 22:19:15] [DEBUG] 心跳发送成功
[11-08 22:19:56] [DEBUG] 心跳发送成功
[11-08 22:20:22] [WARNING] BOT_WS链接已断开，正在尝试重连……
[11-08 22:20:22] [INFO] 重连成功，机器人继续运行
[11-08 22:21:03] [DEBUG] 心跳发送成功
[11-08 22:21:45] [DEBUG] 心跳发送成功
[11-08 22:22:26] [DEBUG] 心跳发送成功
[11-08 22:23:07] [DEBUG] 心跳发送成功
[11-08 22:23:48] [DEBUG] 心跳发送成功
[11-08 22:24:30] [DEBUG] 心跳发送成功
[11-08 22:25:11] [DEBUG] 心跳发送成功
[11-08 22:25:52] [DEBUG] 心跳发送成功
[11-08 22:26:33] [DEBUG] 心跳发送成功
[11-08 22:27:15] [DEBUG] 心跳发送成功
[11-08 22:27:56] [DEBUG] 心跳发送成功
[11-08 22:28:37] [DEBUG] 心跳发送成功
[11-08 22:29:18] [DEBUG] 心跳发送成功
[11-08 22:30:00] [DEBUG] 心跳发送成功
[11-08 22:30:41] [DEBUG] 心跳发送成功
[11-08 22:31:22] [DEBUG] 心跳发送成功
[11-08 22:32:03] [DEBUG] 心跳发送成功
[11-08 22:32:45] [DEBUG] 心跳发送成功
[11-08 22:33:26] [DEBUG] 心跳发送成功
[11-08 22:34:07] [DEBUG] 心跳发送成功
