[11-09 16:55:36] [INFO] Session Manager 读取了 D:\code\xiaoling-bot0830\session_data 的数据
[11-09 16:55:36] [INFO] 消息（所有消息）接收函数订阅成功
[11-09 16:55:36] [INFO] 论坛事件订阅成功
[11-09 16:55:36] [INFO] 初始事件注册成功
[11-09 16:55:36] [DEBUG] [机器人ws地址] wss://api.sgroup.qq.com/websocket
[11-09 16:55:36] [INFO] 连接成功，机器人开始运行
[11-09 16:55:36] [INFO] 机器人频道用户ID：16339539897453438804
[11-09 16:55:36] [INFO] 机器人在小灵bot测试频道运行
[11-09 16:56:50] [INFO] Session Manager 读取了 D:\code\xiaoling-bot0830\session_data 的数据
[11-09 16:56:50] [INFO] 消息（所有消息）接收函数订阅成功
[11-09 16:56:50] [INFO] 论坛事件订阅成功
[11-09 16:56:50] [INFO] 初始事件注册成功
[11-09 16:56:51] [DEBUG] [机器人ws地址] wss://api.sgroup.qq.com/websocket
[11-09 16:56:51] [INFO] 连接成功，机器人开始运行
[11-09 16:56:51] [INFO] 机器人频道用户ID：16339539897453438804
[11-09 16:56:51] [INFO] 机器人在小灵bot测试频道运行
[11-09 16:57:33] [DEBUG] 心跳发送成功
[11-09 16:58:14] [DEBUG] 心跳发送成功
[11-09 16:58:55] [DEBUG] 心跳发送成功
[11-09 16:59:11] [INFO] 开始检验
[11-09 16:59:17] [INFO]  省份：湖北省市：咸宁市县：赤壁市学校：赤壁市华舟学校咸宁市政府服务便民电话：0715-12345咸宁市教育局电话：0715-8256186赤壁市教育局电话：0715-5230990违规行为：学校在周日组织学生上课 名义上是自愿参加的社团活动 实际上就是学校强迫上课
[11-09 16:59:36] [DEBUG] 心跳发送成功
[11-09 16:59:48] [INFO] 开始检验
[11-09 16:59:52] [INFO]  学校名称：成都市中和中学初中部安和校区学校地址：中国四川省成都市双流区康和东四街169号举报途径：成都市12345举报正文：成都市中和中学安和校区初中部初三年级每周天以周末托管的名义进行补课，内容为老师发卷子然后学生做完再评讲。补课时间为每周天早上九点到晚八点十分收费情况：暂未收费
[11-09 17:00:18] [DEBUG] 心跳发送成功
[11-09 17:00:20] [INFO] 开始检验
[11-09 17:00:21] [ERROR] RemoteProtocolError('peer closed connection without sending complete message body (incomplete chunked read)')
[11-09 17:00:21] [ERROR] [error:RemoteProtocolError('peer closed connection without sending complete message body (incomplete chunked read)')] File "C:\Users\particle\AppData\Local\Programs\Python\Python39\lib\site-packages\httpx\_transports\default.py", line 86, in map_httpcore_exceptions
[11-09 17:00:45] [INFO] 开始检验
[11-09 17:00:49] [INFO] @小灵bot 学校名称:河南省济源市第一中学地址:济源市电话号码:济源教育局：0391-6633733河南基础教育处电话：0371-696910830371-69691896济源市市民热线：0391-6812345违规行为:济源市第一中学在双休期间，不放假，连着上两周，违规组织高二学生进行补课。收费情况:不收费对象：高二诉求：恢复每周是正常休息
[11-09 17:00:59] [DEBUG] 心跳发送成功
[11-09 17:01:03] [INFO] 开始检验
[11-09 17:01:08] [INFO] @小灵bot 学校名称:河南省济源市第一中学地址:济源市电话号码:济源教育局：0391-6633733河南基础教育处电话：0371-696910830371-69691896济源市市民热线：0391-6812345违规行为:济源市第一中学在双休期间，不放假，连着上两周，违规组织高二学生进行补课。收费情况:不收费对象：高二诉求：恢复每周是正常休息
[11-09 17:01:30] [INFO] 开始检验
[11-09 17:01:37] [INFO]  省：山东市：枣庄区：新城区学校：枣庄市第三中学主要是周末补课市教育局电话：0632-3314910
[11-09 17:01:40] [DEBUG] 心跳发送成功
[11-09 17:01:51] [INFO] 开始检验
[11-09 17:01:54] [INFO] @小灵bot 下列信息均为本人自愿自主提供，且确保信息真实学校名称:河南省济源市第一中学地址:济源市电话号码:济源教育局：0391-6633733河南基础教育处电话：0371-696910830371-69691896济源市市民热线：0391-6812345违规行为:济源市第一中学在双休期间，不放假，连着上两周，违规组织高二学生进行补课。收费情况:不收费对象：高二诉求：恢复每周是正常休息
[11-09 17:01:55] [INFO]  bot管家 通过考核
[11-09 17:02:01] [INFO] 开始检验
[11-09 17:02:05] [INFO] @小灵bot 下列信息均为本人自愿自主提供，且确保信息真实学校名称:河南省济源市第一中学地址:济源市电话号码:济源教育局：0391-6633733河南基础教育处电话：0371-696910830371-69691896济源市市民热线：0391-6812345违规行为:济源市第一中学在双休期间，不放假，连着上两周，违规组织高二学生进行补课。收费情况:不收费对象：高二诉求：恢复每周是正常休息
[11-09 17:02:05] [INFO]  bot管家 通过考核
[11-09 17:02:21] [DEBUG] 心跳发送成功
[11-09 17:03:03] [DEBUG] 心跳发送成功
[11-09 17:03:44] [DEBUG] 心跳发送成功
[11-09 17:04:25] [DEBUG] 心跳发送成功
[11-09 17:04:44] [INFO] 开始检验
[11-09 17:04:48] [INFO] @小灵bot 
下列信息均为本人自愿自主提供，且确保信息真实
学校名称:河南省济源市第一中学
地址:济源市
电话号码:
济源教育局：0391-6633733
河南基础教育处电话：0371-69691083 0371-69691896
济源市市民热线：0391-6812345
违规行为:济源市第一中学在双休期间，不放假，连着上两周，违规组织高二学生进行补课。
收费情况:不收费
对象：高二
诉求：恢复每周是正常休息
[11-09 17:05:06] [DEBUG] 心跳发送成功
[11-09 17:10:35] [INFO] Session Manager 读取了 D:\code\xiaoling-bot0830\session_data 的数据
[11-09 17:10:35] [INFO] 消息（所有消息）接收函数订阅成功
[11-09 17:10:35] [INFO] 论坛事件订阅成功
[11-09 17:10:35] [INFO] 初始事件注册成功
[11-09 17:10:36] [DEBUG] [机器人ws地址] wss://api.sgroup.qq.com/websocket
[11-09 17:10:36] [INFO] 连接成功，机器人开始运行
[11-09 17:10:36] [INFO] 机器人频道用户ID：16339539897453438804
[11-09 17:10:36] [INFO] 机器人在小灵bot测试频道运行
[11-09 17:10:42] [INFO] 开始检验
[11-09 17:10:46] [INFO] @小灵bot 
下列信息均为本人自愿自主提供，且确保信息真实
学校名称:河南省济源市第一中学
地址:济源市
电话号码:
济源教育局：0391-6633733
河南基础教育处电话：0371-69691083 0371-69691896
济源市市民热线：0391-6812345
违规行为:济源市第一中学在双休期间，不放假，连着上两周，违规组织高二学生进行补课。
收费情况:不收费
对象：高二
诉求：恢复每周是正常休息
[11-09 17:11:09] [INFO] 开始检验
[11-09 17:11:12] [INFO]  学校名称： 宿城区耿车初级中学学校性质： 公办 初中学校地址： 江苏省宿迁市宿城区耿车镇徐淮路电话举报：宿迁市教育局基础教育处:0527-84389851省教育厅基教处：025-83335061 025-83335608违规行为：10.3要求学生上午7:20到学校上课，上到10.6，强制补课，要上新课，且要收费，一节课5块范围:初三的一班二班三班诉求：停止补课，在正常时间开学，讨回应有假期
[11-09 17:11:17] [DEBUG] 心跳发送成功
[11-09 17:11:24] [INFO] 开始检验
[11-09 17:11:27] [INFO] @小灵bot 下列信息均为本人自愿自主提供，且确保信息真实学校名称： 宿城区耿车初级中学学校性质： 公办 初中学校地址： 江苏省宿迁市宿城区耿车镇徐淮路电话举报：宿迁市教育局基础教育处:0527-84389851省教育厅基教处：025-83335061 025-83335608违规行为：10.3要求学生上午7:20到学校上课，上到10.6，强制补课，要上新课，且要收费，一节课5块范围:初三的一班二班三班诉求：停止补课，在正常时间开学，讨回应有假期
[11-09 17:11:28] [INFO]  bot管家 通过考核
[11-09 17:11:59] [DEBUG] 心跳发送成功
[11-09 17:12:40] [DEBUG] 心跳发送成功
[11-09 17:13:21] [DEBUG] 心跳发送成功
[11-09 17:14:02] [DEBUG] 心跳发送成功
[11-09 17:14:44] [DEBUG] 心跳发送成功
[11-09 17:15:25] [DEBUG] 心跳发送成功
[11-09 17:16:06] [DEBUG] 心跳发送成功
[11-09 17:18:24] [INFO] Session Manager 读取了 D:\code\xiaoling-bot0830\session_data 的数据
[11-09 17:18:24] [INFO] 消息（所有消息）接收函数订阅成功
[11-09 17:18:24] [INFO] 论坛事件订阅成功
[11-09 17:18:24] [INFO] 初始事件注册成功
[11-09 17:18:25] [DEBUG] [机器人ws地址] wss://api.sgroup.qq.com/websocket
[11-09 17:18:25] [INFO] 连接成功，机器人开始运行
[11-09 17:18:25] [INFO] 机器人频道用户ID：16339539897453438804
[11-09 17:18:25] [INFO] 机器人在小灵bot测试频道运行
[11-09 17:18:29] [INFO] 开始检验
[11-09 17:18:31] [INFO] @小灵bot 下列信息均为本人自愿自主提供，且确保信息真实学校名称： 宿城区耿车初级中学学校性质： 公办 初中学校地址： 江苏省宿迁市宿城区耿车镇徐淮路电话举报：宿迁市教育局基础教育处:0527-84389851省教育厅基教处：025-83335061 025-83335608违规行为：10.3要求学生上午7:20到学校上课，上到10.6，强制补课，要上新课，且要收费，一节课5块范围:初三的一班二班三班诉求：停止补课，在正常时间开学，讨回应有假期
[11-09 17:18:32] [INFO]  bot管家 通过考核
[11-09 17:21:26] [INFO] Session Manager 读取了 D:\code\xiaoling-bot0830\session_data 的数据
[11-09 17:21:26] [INFO] 消息（所有消息）接收函数订阅成功
[11-09 17:21:26] [INFO] 论坛事件订阅成功
[11-09 17:21:26] [INFO] 初始事件注册成功
[11-09 17:21:26] [DEBUG] [机器人ws地址] wss://api.sgroup.qq.com/websocket
[11-09 17:21:27] [INFO] 连接成功，机器人开始运行
[11-09 17:21:27] [INFO] 机器人频道用户ID：16339539897453438804
[11-09 17:21:27] [INFO] 机器人在小灵bot测试频道运行
[11-09 17:21:29] [INFO] 开始检验
[11-09 17:21:32] [INFO] @小灵bot 下列信息均为本人自愿自主提供，且确保信息真实学校名称： 宿城区耿车初级中学学校性质： 公办 初中学校地址： 江苏省宿迁市宿城区耿车镇徐淮路电话举报：宿迁市教育局基础教育处:0527-84389851省教育厅基教处：025-83335061 025-83335608违规行为：10.3要求学生上午7:20到学校上课，上到10.6，强制补课，要上新课，且要收费，一节课5块范围:初三的一班二班三班诉求：停止补课，在正常时间开学，讨回应有假期
[11-09 17:21:33] [INFO]  bot管家 通过考核
[11-09 17:22:08] [DEBUG] 心跳发送成功
[11-09 17:22:49] [DEBUG] 心跳发送成功
[11-09 17:23:30] [DEBUG] 心跳发送成功
[11-09 18:49:31] [INFO] Session Manager 读取了 D:\code\xiaoling-bot0830\session_data 的数据
[11-09 18:49:31] [INFO] 消息（所有消息）接收函数订阅成功
[11-09 18:49:31] [INFO] 论坛事件订阅成功
[11-09 18:49:31] [INFO] 初始事件注册成功
[11-09 18:49:31] [INFO] Session Manager结束中，正在保存数据...
[11-09 18:50:12] [INFO] Session Manager 读取了 D:\code\xiaoling-bot0830\session_data 的数据
[11-09 18:50:12] [INFO] 消息（所有消息）接收函数订阅成功
[11-09 18:50:12] [INFO] 论坛事件订阅成功
[11-09 18:50:12] [INFO] 初始事件注册成功
[11-09 18:50:12] [DEBUG] [机器人ws地址] wss://api.sgroup.qq.com/websocket
[11-09 18:50:13] [INFO] 连接成功，机器人开始运行
[11-09 18:50:13] [INFO] 机器人频道用户ID：16339539897453438804
[11-09 18:50:13] [INFO] 机器人在学生互助频道运行
[11-09 18:50:25] [ERROR] KeyError('公告区')
[11-09 18:50:25] [ERROR] [error:KeyError('公告区')] File "d:\code\xiaoling-bot0830\qq-bot.py", line 89, in set
[11-09 18:50:54] [DEBUG] 心跳发送成功
[11-09 18:51:03] [INFO] Session Manager 读取了 D:\code\xiaoling-bot0830\session_data 的数据
[11-09 18:51:03] [INFO] 消息（所有消息）接收函数订阅成功
[11-09 18:51:03] [INFO] 论坛事件订阅成功
[11-09 18:51:03] [INFO] 初始事件注册成功
[11-09 18:51:04] [DEBUG] [机器人ws地址] wss://api.sgroup.qq.com/websocket
[11-09 18:51:04] [INFO] 连接成功，机器人开始运行
[11-09 18:51:04] [INFO] 机器人频道用户ID：16339539897453438804
[11-09 18:51:04] [INFO] 机器人在学生互助频道运行
[11-09 18:51:13] [INFO] 开始检验
[11-09 18:51:16] [INFO] @小灵bot 下列信息均为本人自愿自主提供，且确保信息真实学校名称： 宿城区耿车初级中学学校性质： 公办 初中学校地址： 江苏省宿迁市宿城区耿车镇徐淮路电话举报：宿迁市教育局基础教育处:0527-84389851省教育厅基教处：025-83335061 025-83335608违规行为：10.3要求学生上午7:20到学校上课，上到10.6，强制补课，要上新课，且要收费，一节课5块范围:初三的一班二班三班诉求：停止补课，在正常时间开学，讨回应有假期
[11-09 18:51:17] [INFO]  bot管家 通过考核
[11-09 18:51:45] [DEBUG] 心跳发送成功
[11-09 18:51:57] [INFO] Session Manager 读取了 D:\code\xiaoling-bot0830\session_data 的数据
[11-09 18:51:57] [INFO] 消息（所有消息）接收函数订阅成功
[11-09 18:51:57] [INFO] 论坛事件订阅成功
[11-09 18:51:57] [INFO] 初始事件注册成功
[11-09 18:51:57] [DEBUG] [机器人ws地址] wss://api.sgroup.qq.com/websocket
[11-09 18:51:58] [INFO] 连接成功，机器人开始运行
[11-09 18:51:58] [INFO] 机器人频道用户ID：16339539897453438804
[11-09 18:51:58] [INFO] 机器人在学生互助频道运行
[11-09 18:52:11] [INFO] bot管家非法发帖
[11-09 18:52:39] [DEBUG] 心跳发送成功
[11-09 18:53:42] [INFO] Session Manager 读取了 D:\code\xiaoling-bot0830\session_data 的数据
[11-09 18:53:42] [INFO] 消息（所有消息）接收函数订阅成功
[11-09 18:53:42] [INFO] 论坛事件订阅成功
[11-09 18:53:42] [INFO] 初始事件注册成功
[11-09 18:53:42] [DEBUG] [机器人ws地址] wss://api.sgroup.qq.com/websocket
[11-09 18:53:43] [INFO] 连接成功，机器人开始运行
[11-09 18:53:43] [INFO] 机器人频道用户ID：16339539897453438804
[11-09 18:53:43] [INFO] 机器人在学生互助频道运行
[11-09 18:53:50] [INFO] bot管家非法发帖
[11-09 18:54:24] [DEBUG] 心跳发送成功
[11-09 18:54:43] [INFO] Session Manager 读取了 D:\code\xiaoling-bot0830\session_data 的数据
[11-09 18:54:43] [INFO] 消息（所有消息）接收函数订阅成功
[11-09 18:54:43] [INFO] 论坛事件订阅成功
[11-09 18:54:43] [INFO] 初始事件注册成功
[11-09 18:54:43] [DEBUG] [机器人ws地址] wss://api.sgroup.qq.com/websocket
[11-09 18:54:43] [INFO] 连接成功，机器人开始运行
[11-09 18:54:43] [INFO] 机器人频道用户ID：16339539897453438804
[11-09 18:54:43] [INFO] 机器人在学生互助频道运行
[11-09 18:55:35] [INFO] Session Manager 读取了 D:\code\xiaoling-bot0830\session_data 的数据
[11-09 18:55:35] [INFO] 消息（所有消息）接收函数订阅成功
[11-09 18:55:35] [INFO] 论坛事件订阅成功
[11-09 18:55:35] [INFO] 初始事件注册成功
[11-09 18:55:35] [DEBUG] [机器人ws地址] wss://api.sgroup.qq.com/websocket
[11-09 18:55:36] [INFO] 连接成功，机器人开始运行
[11-09 18:55:36] [INFO] 机器人频道用户ID：16339539897453438804
[11-09 18:55:36] [INFO] 机器人在学生互助频道运行
[11-09 18:55:57] [INFO] Session Manager 读取了 D:\code\xiaoling-bot0830\session_data 的数据
[11-09 18:55:57] [INFO] 消息（所有消息）接收函数订阅成功
[11-09 18:55:57] [INFO] 论坛事件订阅成功
[11-09 18:55:57] [INFO] 初始事件注册成功
[11-09 18:55:58] [DEBUG] [机器人ws地址] wss://api.sgroup.qq.com/websocket
[11-09 18:55:58] [INFO] 连接成功，机器人开始运行
[11-09 18:55:58] [INFO] 机器人频道用户ID：16339539897453438804
[11-09 18:55:58] [INFO] 机器人在学生互助频道运行
[11-09 18:56:13] [INFO] bot管家非法发帖
[11-09 18:56:39] [INFO] Session Manager 读取了 D:\code\xiaoling-bot0830\session_data 的数据
[11-09 18:56:39] [INFO] 消息（所有消息）接收函数订阅成功
[11-09 18:56:39] [INFO] 论坛事件订阅成功
[11-09 18:56:39] [INFO] 初始事件注册成功
[11-09 18:56:40] [DEBUG] [机器人ws地址] wss://api.sgroup.qq.com/websocket
[11-09 18:56:40] [INFO] 连接成功，机器人开始运行
[11-09 18:56:40] [INFO] 机器人频道用户ID：16339539897453438804
[11-09 18:56:40] [INFO] 机器人在学生互助频道运行
[11-09 18:56:53] [INFO] Session Manager 读取了 D:\code\xiaoling-bot0830\session_data 的数据
[11-09 18:56:53] [INFO] 消息（所有消息）接收函数订阅成功
[11-09 18:56:53] [INFO] 论坛事件订阅成功
[11-09 18:56:53] [INFO] 初始事件注册成功
[11-09 18:56:53] [DEBUG] [机器人ws地址] wss://api.sgroup.qq.com/websocket
[11-09 18:56:54] [INFO] 连接成功，机器人开始运行
[11-09 18:56:54] [INFO] 机器人频道用户ID：16339539897453438804
[11-09 18:56:54] [INFO] 机器人在学生互助频道运行
[11-09 18:57:35] [DEBUG] 心跳发送成功
[11-09 18:58:16] [DEBUG] 心跳发送成功
[11-09 18:58:57] [DEBUG] 心跳发送成功
[11-09 18:59:39] [DEBUG] 心跳发送成功
[11-09 19:00:20] [DEBUG] 心跳发送成功
[11-09 19:00:41] [INFO] Session Manager 读取了 D:\code\xiaoling-bot0830\session_data 的数据
[11-09 19:00:41] [INFO] 消息（所有消息）接收函数订阅成功
[11-09 19:00:41] [INFO] 论坛事件订阅成功
[11-09 19:00:41] [INFO] 初始事件注册成功
[11-09 19:00:41] [DEBUG] [机器人ws地址] wss://api.sgroup.qq.com/websocket
[11-09 19:00:41] [INFO] 连接成功，机器人开始运行
[11-09 19:00:41] [INFO] 机器人频道用户ID：16339539897453438804
[11-09 19:00:41] [INFO] 机器人在学生互助频道运行
[11-09 19:01:23] [DEBUG] 心跳发送成功
[11-09 19:02:04] [DEBUG] 心跳发送成功
[11-09 19:02:45] [DEBUG] 心跳发送成功
[11-09 19:03:26] [DEBUG] 心跳发送成功
[11-09 19:04:08] [DEBUG] 心跳发送成功
[11-09 19:04:49] [DEBUG] 心跳发送成功
[11-09 19:05:30] [DEBUG] 心跳发送成功
[11-09 19:06:11] [DEBUG] 心跳发送成功
[11-09 19:06:53] [DEBUG] 心跳发送成功
[11-09 19:07:34] [DEBUG] 心跳发送成功
[11-09 19:08:15] [DEBUG] 心跳发送成功
[11-09 19:08:56] [DEBUG] 心跳发送成功
[11-09 19:09:38] [DEBUG] 心跳发送成功
[11-09 19:10:19] [DEBUG] 心跳发送成功
[11-09 19:11:00] [DEBUG] 心跳发送成功
[11-09 19:11:41] [DEBUG] 心跳发送成功
[11-09 19:12:23] [DEBUG] 心跳发送成功
[11-09 19:13:04] [DEBUG] 心跳发送成功
[11-09 19:13:45] [DEBUG] 心跳发送成功
[11-09 19:14:26] [DEBUG] 心跳发送成功
[11-09 19:15:08] [DEBUG] 心跳发送成功
[11-09 19:15:49] [DEBUG] 心跳发送成功
[11-09 19:16:30] [DEBUG] 心跳发送成功
[11-09 19:17:11] [DEBUG] 心跳发送成功
[11-09 19:17:53] [DEBUG] 心跳发送成功
[11-09 19:18:34] [DEBUG] 心跳发送成功
[11-09 19:19:15] [DEBUG] 心跳发送成功
[11-09 19:19:56] [DEBUG] 心跳发送成功
[11-09 19:20:38] [DEBUG] 心跳发送成功
[11-09 19:21:19] [DEBUG] 心跳发送成功
[11-09 19:22:00] [DEBUG] 心跳发送成功
[11-09 19:22:41] [DEBUG] 心跳发送成功
[11-09 19:23:23] [DEBUG] 心跳发送成功
[11-09 19:24:04] [DEBUG] 心跳发送成功
[11-09 19:24:45] [DEBUG] 心跳发送成功
[11-09 19:25:26] [DEBUG] 心跳发送成功
[11-09 19:26:08] [DEBUG] 心跳发送成功
[11-09 19:26:49] [DEBUG] 心跳发送成功
[11-09 19:27:30] [DEBUG] 心跳发送成功
[11-09 19:28:11] [DEBUG] 心跳发送成功
[11-09 19:28:53] [DEBUG] 心跳发送成功
[11-09 19:29:34] [DEBUG] 心跳发送成功
[11-09 19:30:15] [DEBUG] 心跳发送成功
[11-09 19:30:41] [WARNING] BOT_WS链接已断开，正在尝试重连……
[11-09 19:30:42] [INFO] 重连成功，机器人继续运行
[11-09 19:31:23] [DEBUG] 心跳发送成功
[11-09 19:32:04] [DEBUG] 心跳发送成功
[11-09 19:32:45] [DEBUG] 心跳发送成功
[11-09 19:33:27] [DEBUG] 心跳发送成功
[11-09 19:34:08] [DEBUG] 心跳发送成功
[11-09 19:34:49] [DEBUG] 心跳发送成功
[11-09 19:35:30] [DEBUG] 心跳发送成功
[11-09 19:36:12] [DEBUG] 心跳发送成功
[11-09 19:36:53] [DEBUG] 心跳发送成功
[11-09 19:37:34] [DEBUG] 心跳发送成功
[11-09 19:38:15] [DEBUG] 心跳发送成功
[11-09 19:38:57] [DEBUG] 心跳发送成功
[11-09 19:39:38] [DEBUG] 心跳发送成功
[11-09 19:40:19] [DEBUG] 心跳发送成功
[11-09 19:41:00] [DEBUG] 心跳发送成功
[11-09 19:41:42] [DEBUG] 心跳发送成功
[11-09 19:42:23] [DEBUG] 心跳发送成功
[11-09 19:43:04] [DEBUG] 心跳发送成功
[11-09 19:43:45] [DEBUG] 心跳发送成功
[11-09 19:44:27] [DEBUG] 心跳发送成功
[11-09 19:45:08] [DEBUG] 心跳发送成功
[11-09 19:45:49] [DEBUG] 心跳发送成功
[11-09 19:46:30] [DEBUG] 心跳发送成功
[11-09 19:47:12] [DEBUG] 心跳发送成功
[11-09 19:47:53] [DEBUG] 心跳发送成功
[11-09 19:48:34] [DEBUG] 心跳发送成功
[11-09 19:49:15] [DEBUG] 心跳发送成功
[11-09 19:49:57] [DEBUG] 心跳发送成功
[11-09 19:50:38] [DEBUG] 心跳发送成功
[11-09 19:51:19] [DEBUG] 心跳发送成功
[11-09 19:52:00] [DEBUG] 心跳发送成功
[11-09 19:52:42] [DEBUG] 心跳发送成功
[11-09 19:53:23] [DEBUG] 心跳发送成功
[11-09 19:54:04] [DEBUG] 心跳发送成功
[11-09 19:54:45] [DEBUG] 心跳发送成功
[11-09 19:55:27] [DEBUG] 心跳发送成功
[11-09 19:56:08] [DEBUG] 心跳发送成功
[11-09 19:56:49] [DEBUG] 心跳发送成功
[11-09 19:57:30] [DEBUG] 心跳发送成功
[11-09 19:58:12] [DEBUG] 心跳发送成功
[11-09 19:58:53] [DEBUG] 心跳发送成功
[11-09 19:59:34] [DEBUG] 心跳发送成功
[11-09 20:00:16] [DEBUG] 心跳发送成功
[11-09 20:00:41] [WARNING] BOT_WS链接已断开，正在尝试重连……
[11-09 20:00:45] [INFO] 重连成功，机器人继续运行
[11-09 20:01:26] [DEBUG] 心跳发送成功
[11-09 20:02:07] [DEBUG] 心跳发送成功
[11-09 20:02:49] [DEBUG] 心跳发送成功
[11-09 20:03:30] [DEBUG] 心跳发送成功
[11-09 20:04:11] [DEBUG] 心跳发送成功
[11-09 20:04:53] [DEBUG] 心跳发送成功
[11-09 20:05:34] [DEBUG] 心跳发送成功
[11-09 20:06:15] [DEBUG] 心跳发送成功
[11-09 20:06:56] [DEBUG] 心跳发送成功
[11-09 20:07:37] [DEBUG] 心跳发送成功
[11-09 20:08:19] [DEBUG] 心跳发送成功
[11-09 20:09:00] [DEBUG] 心跳发送成功
[11-09 20:09:41] [DEBUG] 心跳发送成功
[11-09 20:10:22] [DEBUG] 心跳发送成功
[11-09 20:11:04] [DEBUG] 心跳发送成功
[11-09 20:11:45] [DEBUG] 心跳发送成功
[11-09 20:12:26] [DEBUG] 心跳发送成功
[11-09 20:13:07] [DEBUG] 心跳发送成功
[11-09 20:13:49] [DEBUG] 心跳发送成功
[11-09 20:14:30] [DEBUG] 心跳发送成功
[11-09 20:15:11] [DEBUG] 心跳发送成功
[11-09 20:15:52] [DEBUG] 心跳发送成功
[11-09 20:16:34] [DEBUG] 心跳发送成功
[11-09 20:17:15] [DEBUG] 心跳发送成功
[11-09 20:17:56] [DEBUG] 心跳发送成功
[11-09 20:18:37] [DEBUG] 心跳发送成功
[11-09 20:19:19] [DEBUG] 心跳发送成功
[11-09 20:20:00] [DEBUG] 心跳发送成功
[11-09 20:20:41] [DEBUG] 心跳发送成功
[11-09 20:21:22] [DEBUG] 心跳发送成功
[11-09 20:22:04] [DEBUG] 心跳发送成功
[11-09 20:22:45] [DEBUG] 心跳发送成功
[11-09 20:23:26] [DEBUG] 心跳发送成功
[11-09 20:24:07] [DEBUG] 心跳发送成功
[11-09 20:24:49] [DEBUG] 心跳发送成功
[11-09 20:25:30] [DEBUG] 心跳发送成功
[11-09 20:26:11] [DEBUG] 心跳发送成功
[11-09 20:26:52] [DEBUG] 心跳发送成功
[11-09 20:27:34] [DEBUG] 心跳发送成功
[11-09 20:28:15] [DEBUG] 心跳发送成功
[11-09 20:28:56] [DEBUG] 心跳发送成功
[11-09 20:29:37] [DEBUG] 心跳发送成功
[11-09 20:30:19] [DEBUG] 心跳发送成功
[11-09 20:30:45] [WARNING] BOT_WS链接已断开，正在尝试重连……
[11-09 20:30:48] [INFO] 重连成功，机器人继续运行
[11-09 20:31:29] [DEBUG] 心跳发送成功
[11-09 20:32:11] [DEBUG] 心跳发送成功
[11-09 20:32:52] [DEBUG] 心跳发送成功
[11-09 20:33:33] [DEBUG] 心跳发送成功
[11-09 20:34:14] [DEBUG] 心跳发送成功
[11-09 20:34:56] [DEBUG] 心跳发送成功
[11-09 20:35:37] [DEBUG] 心跳发送成功
[11-09 20:36:18] [DEBUG] 心跳发送成功
[11-09 20:36:59] [DEBUG] 心跳发送成功
[11-09 20:37:41] [DEBUG] 心跳发送成功
[11-09 20:38:22] [DEBUG] 心跳发送成功
[11-09 20:39:03] [DEBUG] 心跳发送成功
[11-09 20:39:44] [DEBUG] 心跳发送成功
[11-09 20:40:26] [DEBUG] 心跳发送成功
[11-09 20:41:07] [DEBUG] 心跳发送成功
[11-09 20:41:48] [DEBUG] 心跳发送成功
[11-09 20:42:30] [DEBUG] 心跳发送成功
[11-09 20:43:11] [DEBUG] 心跳发送成功
[11-09 20:43:52] [DEBUG] 心跳发送成功
[11-09 20:44:33] [DEBUG] 心跳发送成功
[11-09 20:45:15] [DEBUG] 心跳发送成功
[11-09 20:45:56] [DEBUG] 心跳发送成功
[11-09 20:46:37] [DEBUG] 心跳发送成功
[11-09 20:47:18] [DEBUG] 心跳发送成功
[11-09 20:48:00] [DEBUG] 心跳发送成功
[11-09 20:48:41] [DEBUG] 心跳发送成功
[11-09 20:49:22] [DEBUG] 心跳发送成功
[11-09 20:50:03] [DEBUG] 心跳发送成功
[11-09 20:50:45] [DEBUG] 心跳发送成功
[11-09 20:51:26] [DEBUG] 心跳发送成功
[11-09 20:52:07] [DEBUG] 心跳发送成功
[11-09 20:52:48] [DEBUG] 心跳发送成功
[11-09 20:53:30] [DEBUG] 心跳发送成功
[11-09 20:54:11] [DEBUG] 心跳发送成功
[11-09 20:54:52] [DEBUG] 心跳发送成功
[11-09 20:55:33] [DEBUG] 心跳发送成功
[11-09 20:56:15] [DEBUG] 心跳发送成功
[11-09 20:56:56] [DEBUG] 心跳发送成功
[11-09 20:57:37] [DEBUG] 心跳发送成功
[11-09 20:58:18] [DEBUG] 心跳发送成功
[11-09 20:59:00] [DEBUG] 心跳发送成功
[11-09 20:59:41] [DEBUG] 心跳发送成功
[11-09 21:00:22] [DEBUG] 心跳发送成功
[11-09 21:00:48] [WARNING] BOT_WS链接已断开，正在尝试重连……
[11-09 21:00:51] [INFO] 重连成功，机器人继续运行
[11-09 21:01:33] [DEBUG] 心跳发送成功
[11-09 21:02:14] [DEBUG] 心跳发送成功
[11-09 21:02:55] [DEBUG] 心跳发送成功
[11-09 21:03:36] [DEBUG] 心跳发送成功
[11-09 21:04:18] [DEBUG] 心跳发送成功
[11-09 21:04:59] [DEBUG] 心跳发送成功
[11-09 21:05:40] [DEBUG] 心跳发送成功
[11-09 21:06:21] [DEBUG] 心跳发送成功
[11-09 21:07:03] [DEBUG] 心跳发送成功
[11-09 21:07:44] [DEBUG] 心跳发送成功
[11-09 21:08:25] [DEBUG] 心跳发送成功
[11-09 21:09:06] [DEBUG] 心跳发送成功
[11-09 21:09:48] [DEBUG] 心跳发送成功
[11-09 21:10:29] [DEBUG] 心跳发送成功
[11-09 21:11:10] [DEBUG] 心跳发送成功
[11-09 21:11:51] [DEBUG] 心跳发送成功
[11-09 21:12:33] [DEBUG] 心跳发送成功
[11-09 21:13:14] [DEBUG] 心跳发送成功
[11-09 21:13:55] [DEBUG] 心跳发送成功
[11-09 21:14:36] [DEBUG] 心跳发送成功
[11-09 21:15:18] [DEBUG] 心跳发送成功
[11-09 21:15:59] [DEBUG] 心跳发送成功
[11-09 21:16:40] [DEBUG] 心跳发送成功
[11-09 21:17:22] [DEBUG] 心跳发送成功
[11-09 21:18:03] [DEBUG] 心跳发送成功
[11-09 21:18:44] [DEBUG] 心跳发送成功
[11-09 21:19:25] [DEBUG] 心跳发送成功
[11-09 21:20:06] [DEBUG] 心跳发送成功
[11-09 21:20:48] [DEBUG] 心跳发送成功
[11-09 21:21:29] [DEBUG] 心跳发送成功
[11-09 21:22:10] [DEBUG] 心跳发送成功
[11-09 21:22:51] [DEBUG] 心跳发送成功
[11-09 21:23:33] [DEBUG] 心跳发送成功
[11-09 21:24:14] [DEBUG] 心跳发送成功
[11-09 21:24:55] [DEBUG] 心跳发送成功
[11-09 21:25:37] [DEBUG] 心跳发送成功
[11-09 21:26:18] [DEBUG] 心跳发送成功
[11-09 21:26:59] [DEBUG] 心跳发送成功
[11-09 21:27:40] [DEBUG] 心跳发送成功
[11-09 21:28:22] [DEBUG] 心跳发送成功
[11-09 21:29:03] [DEBUG] 心跳发送成功
[11-09 21:29:44] [DEBUG] 心跳发送成功
[11-09 21:30:25] [DEBUG] 心跳发送成功
[11-09 21:30:51] [WARNING] BOT_WS链接已断开，正在尝试重连……
[11-09 21:30:55] [INFO] 重连成功，机器人继续运行
[11-09 21:31:36] [DEBUG] 心跳发送成功
[11-09 21:32:17] [DEBUG] 心跳发送成功
[11-09 21:32:58] [DEBUG] 心跳发送成功
[11-09 21:33:40] [DEBUG] 心跳发送成功
[11-09 21:34:21] [DEBUG] 心跳发送成功
[11-09 21:35:02] [DEBUG] 心跳发送成功
[11-09 21:35:43] [DEBUG] 心跳发送成功
[11-09 21:36:25] [DEBUG] 心跳发送成功
[11-09 21:37:06] [DEBUG] 心跳发送成功
[11-09 21:37:47] [DEBUG] 心跳发送成功
[11-09 21:38:28] [DEBUG] 心跳发送成功
[11-09 21:39:10] [DEBUG] 心跳发送成功
[11-09 21:39:51] [DEBUG] 心跳发送成功
[11-09 21:40:32] [DEBUG] 心跳发送成功
[11-09 21:41:13] [DEBUG] 心跳发送成功
[11-09 21:41:55] [DEBUG] 心跳发送成功
[11-09 21:42:36] [DEBUG] 心跳发送成功
[11-09 21:43:17] [DEBUG] 心跳发送成功
[11-09 21:43:59] [DEBUG] 心跳发送成功
[11-09 21:44:40] [DEBUG] 心跳发送成功
[11-09 21:45:21] [DEBUG] 心跳发送成功
[11-09 21:46:02] [DEBUG] 心跳发送成功
[11-09 21:46:44] [DEBUG] 心跳发送成功
[11-09 21:47:25] [DEBUG] 心跳发送成功
[11-09 21:48:06] [DEBUG] 心跳发送成功
[11-09 21:48:47] [DEBUG] 心跳发送成功
[11-09 21:49:29] [DEBUG] 心跳发送成功
[11-09 21:50:10] [DEBUG] 心跳发送成功
[11-09 21:50:51] [DEBUG] 心跳发送成功
[11-09 21:51:32] [DEBUG] 心跳发送成功
[11-09 21:52:14] [DEBUG] 心跳发送成功
[11-09 21:52:55] [DEBUG] 心跳发送成功
[11-09 21:53:36] [DEBUG] 心跳发送成功
[11-09 21:54:17] [DEBUG] 心跳发送成功
[11-09 21:54:59] [DEBUG] 心跳发送成功
[11-09 21:55:40] [DEBUG] 心跳发送成功
[11-09 21:56:21] [DEBUG] 心跳发送成功
[11-09 21:57:02] [DEBUG] 心跳发送成功
[11-09 21:57:44] [DEBUG] 心跳发送成功
[11-09 21:58:25] [DEBUG] 心跳发送成功
[11-09 21:59:13] [DEBUG] 心跳发送成功
[11-09 21:59:47] [DEBUG] 心跳发送成功
[11-09 22:00:29] [DEBUG] 心跳发送成功
[11-09 22:00:54] [WARNING] BOT_WS链接已断开，正在尝试重连……
[11-09 22:00:58] [INFO] 重连成功，机器人继续运行
[11-09 22:01:39] [DEBUG] 心跳发送成功
[11-09 22:02:20] [DEBUG] 心跳发送成功
[11-09 22:03:02] [DEBUG] 心跳发送成功
[11-09 22:03:43] [DEBUG] 心跳发送成功
[11-09 22:04:24] [DEBUG] 心跳发送成功
[11-09 22:04:46] [INFO] Session Manager 读取了 D:\code\xiaoling-bot0830\session_data 的数据
[11-09 22:04:46] [INFO] 消息（所有消息）接收函数订阅成功
[11-09 22:04:46] [INFO] 论坛事件订阅成功
[11-09 22:04:46] [INFO] 初始事件注册成功
[11-09 22:04:46] [DEBUG] [机器人ws地址] wss://api.sgroup.qq.com/websocket
[11-09 22:04:46] [INFO] 连接成功，机器人开始运行
[11-09 22:04:46] [INFO] 机器人频道用户ID：16339539897453438804
[11-09 22:04:46] [INFO] 机器人在小灵bot测试频道运行
[11-09 22:05:28] [DEBUG] 心跳发送成功
[11-09 22:06:09] [DEBUG] 心跳发送成功
[11-09 22:06:50] [DEBUG] 心跳发送成功
[11-09 22:07:31] [DEBUG] 心跳发送成功
[11-09 22:08:13] [DEBUG] 心跳发送成功
[11-09 22:08:54] [DEBUG] 心跳发送成功
[11-09 22:09:35] [DEBUG] 心跳发送成功
[11-09 22:10:16] [DEBUG] 心跳发送成功
[11-09 22:10:58] [DEBUG] 心跳发送成功
[11-09 22:11:39] [DEBUG] 心跳发送成功
[11-09 22:12:20] [DEBUG] 心跳发送成功
[11-09 22:13:01] [DEBUG] 心跳发送成功
[11-09 22:13:43] [DEBUG] 心跳发送成功
[11-09 22:14:24] [DEBUG] 心跳发送成功
[11-09 22:15:05] [DEBUG] 心跳发送成功
[11-09 22:15:47] [DEBUG] 心跳发送成功
[11-09 22:16:28] [DEBUG] 心跳发送成功
[11-09 22:17:09] [DEBUG] 心跳发送成功
[11-09 22:17:50] [DEBUG] 心跳发送成功
[11-09 22:18:32] [DEBUG] 心跳发送成功
[11-09 22:19:13] [DEBUG] 心跳发送成功
[11-09 22:19:54] [DEBUG] 心跳发送成功
[11-09 22:20:35] [DEBUG] 心跳发送成功
[11-09 22:21:17] [DEBUG] 心跳发送成功
[11-09 22:21:58] [DEBUG] 心跳发送成功
[11-09 22:22:39] [DEBUG] 心跳发送成功
[11-09 22:23:20] [DEBUG] 心跳发送成功
[11-09 22:24:02] [DEBUG] 心跳发送成功
[11-09 22:24:43] [DEBUG] 心跳发送成功
[11-09 22:25:24] [DEBUG] 心跳发送成功
[11-09 22:26:05] [DEBUG] 心跳发送成功
[11-09 22:26:47] [DEBUG] 心跳发送成功
[11-09 22:27:28] [DEBUG] 心跳发送成功
[11-09 22:28:09] [DEBUG] 心跳发送成功
[11-09 22:28:50] [DEBUG] 心跳发送成功
[11-09 22:29:32] [DEBUG] 心跳发送成功
[11-09 22:30:13] [DEBUG] 心跳发送成功
[11-09 22:30:54] [DEBUG] 心跳发送成功
[11-09 22:31:35] [DEBUG] 心跳发送成功
[11-09 22:32:17] [DEBUG] 心跳发送成功
[11-09 22:32:58] [DEBUG] 心跳发送成功
[11-09 22:33:39] [DEBUG] 心跳发送成功
[11-09 22:34:20] [DEBUG] 心跳发送成功
[11-09 22:34:46] [WARNING] BOT_WS链接已断开，正在尝试重连……
[11-09 22:34:47] [INFO] 重连成功，机器人继续运行
[11-09 22:35:28] [DEBUG] 心跳发送成功
[11-09 22:36:09] [DEBUG] 心跳发送成功
[11-09 22:36:50] [DEBUG] 心跳发送成功
[11-09 22:37:32] [DEBUG] 心跳发送成功
[11-09 22:38:13] [DEBUG] 心跳发送成功
[11-09 22:38:54] [DEBUG] 心跳发送成功
[11-09 22:39:35] [DEBUG] 心跳发送成功
[11-09 22:40:17] [DEBUG] 心跳发送成功
[11-09 22:40:58] [DEBUG] 心跳发送成功
[11-09 22:41:39] [DEBUG] 心跳发送成功
[11-09 22:42:20] [DEBUG] 心跳发送成功
[11-09 22:43:02] [DEBUG] 心跳发送成功
[11-09 22:43:43] [DEBUG] 心跳发送成功
[11-09 22:44:24] [DEBUG] 心跳发送成功
[11-09 22:45:05] [DEBUG] 心跳发送成功
[11-09 22:45:47] [DEBUG] 心跳发送成功
[11-09 22:46:28] [DEBUG] 心跳发送成功
[11-09 22:47:09] [DEBUG] 心跳发送成功
[11-09 22:47:50] [DEBUG] 心跳发送成功
[11-09 22:48:32] [DEBUG] 心跳发送成功
[11-09 22:49:13] [DEBUG] 心跳发送成功
[11-09 22:49:54] [DEBUG] 心跳发送成功
[11-09 22:50:35] [DEBUG] 心跳发送成功
[11-09 22:51:17] [DEBUG] 心跳发送成功
[11-09 22:51:58] [DEBUG] 心跳发送成功
[11-09 22:52:39] [DEBUG] 心跳发送成功
[11-09 22:53:21] [DEBUG] 心跳发送成功
[11-09 22:54:02] [DEBUG] 心跳发送成功
[11-09 22:54:43] [DEBUG] 心跳发送成功
[11-09 22:55:24] [DEBUG] 心跳发送成功
[11-09 22:56:06] [DEBUG] 心跳发送成功
[11-09 22:56:47] [DEBUG] 心跳发送成功
[11-09 22:57:28] [DEBUG] 心跳发送成功
[11-09 22:58:09] [DEBUG] 心跳发送成功
[11-09 22:58:51] [DEBUG] 心跳发送成功
[11-09 22:59:32] [DEBUG] 心跳发送成功
[11-09 23:00:13] [DEBUG] 心跳发送成功
[11-09 23:00:54] [DEBUG] 心跳发送成功
[11-09 23:01:36] [DEBUG] 心跳发送成功
[11-09 23:02:17] [DEBUG] 心跳发送成功
[11-09 23:02:58] [DEBUG] 心跳发送成功
[11-09 23:03:39] [DEBUG] 心跳发送成功
[11-09 23:04:21] [DEBUG] 心跳发送成功
[11-09 23:04:46] [WARNING] BOT_WS链接已断开，正在尝试重连……
[11-09 23:04:50] [INFO] 重连成功，机器人继续运行
[11-09 23:05:31] [DEBUG] 心跳发送成功
[11-09 23:06:12] [DEBUG] 心跳发送成功
[11-09 23:06:37] [INFO] Session Manager 读取了 D:\code\xiaoling-bot0830\session_data 的数据
[11-09 23:06:37] [INFO] 消息（所有消息）接收函数订阅成功
[11-09 23:06:37] [INFO] 论坛事件订阅成功
[11-09 23:06:37] [INFO] 初始事件注册成功
[11-09 23:06:38] [DEBUG] [机器人ws地址] wss://api.sgroup.qq.com/websocket
[11-09 23:06:38] [INFO] 连接成功，机器人开始运行
[11-09 23:06:38] [INFO] 机器人频道用户ID：16339539897453438804
[11-09 23:06:38] [INFO] 机器人在学生互助频道运行
[11-09 23:06:55] [INFO] 开始检验
[11-09 23:06:59] [INFO] @小灵bot 
下列信息均为本人自愿自主提供，且确保信息真实
学校名称:河南省济源市第一中学
地址:济源市
电话号码:
济源教育局：0391-6633733
河南基础教育处电话：0371-69691083 0371-69691896
济源市市民热线：0391-6812345
违规行为:济源市第一中学在双休期间，不放假，连着上两周，违规组织高二学生进行补课。
收费情况:不收费
对象：高二
诉求：恢复每周是正常休息
[11-09 23:07:19] [DEBUG] 心跳发送成功
[11-09 23:08:00] [DEBUG] 心跳发送成功
[11-09 23:08:42] [DEBUG] 心跳发送成功
[11-09 23:09:23] [DEBUG] 心跳发送成功
[11-09 23:10:04] [DEBUG] 心跳发送成功
[11-09 23:10:46] [DEBUG] 心跳发送成功
[11-09 23:11:27] [DEBUG] 心跳发送成功
[11-09 23:12:08] [DEBUG] 心跳发送成功
[11-09 23:12:49] [DEBUG] 心跳发送成功
[11-09 23:13:31] [DEBUG] 心跳发送成功
[11-09 23:14:12] [DEBUG] 心跳发送成功
[11-09 23:14:53] [DEBUG] 心跳发送成功
[11-09 23:15:34] [DEBUG] 心跳发送成功
[11-09 23:16:16] [DEBUG] 心跳发送成功
[11-09 23:16:57] [DEBUG] 心跳发送成功
[11-09 23:17:38] [DEBUG] 心跳发送成功
[11-09 23:18:19] [DEBUG] 心跳发送成功
[11-09 23:19:01] [DEBUG] 心跳发送成功
[11-09 23:19:42] [DEBUG] 心跳发送成功
[11-09 23:20:23] [DEBUG] 心跳发送成功
[11-09 23:21:04] [DEBUG] 心跳发送成功
[11-09 23:21:46] [DEBUG] 心跳发送成功
[11-09 23:22:27] [DEBUG] 心跳发送成功
[11-09 23:23:08] [DEBUG] 心跳发送成功
[11-09 23:23:49] [DEBUG] 心跳发送成功
[11-09 23:24:31] [DEBUG] 心跳发送成功
[11-09 23:25:12] [DEBUG] 心跳发送成功
[11-09 23:25:53] [DEBUG] 心跳发送成功
[11-09 23:26:34] [DEBUG] 心跳发送成功
[11-09 23:27:16] [DEBUG] 心跳发送成功
[11-09 23:27:57] [DEBUG] 心跳发送成功
[11-09 23:28:38] [DEBUG] 心跳发送成功
[11-09 23:29:20] [DEBUG] 心跳发送成功
[11-09 23:30:01] [DEBUG] 心跳发送成功
[11-09 23:30:42] [DEBUG] 心跳发送成功
[11-09 23:31:23] [DEBUG] 心跳发送成功
[11-09 23:32:05] [DEBUG] 心跳发送成功
[11-09 23:32:46] [DEBUG] 心跳发送成功
[11-09 23:33:27] [DEBUG] 心跳发送成功
[11-09 23:34:08] [DEBUG] 心跳发送成功
[11-09 23:34:50] [DEBUG] 心跳发送成功
[11-09 23:35:31] [DEBUG] 心跳发送成功
[11-09 23:36:12] [DEBUG] 心跳发送成功
[11-09 23:36:38] [WARNING] BOT_WS链接已断开，正在尝试重连……
[11-09 23:36:38] [INFO] 重连成功，机器人继续运行
[11-09 23:37:19] [DEBUG] 心跳发送成功
[11-09 23:38:01] [DEBUG] 心跳发送成功
[11-09 23:38:42] [DEBUG] 心跳发送成功
[11-09 23:39:23] [DEBUG] 心跳发送成功
[11-09 23:40:05] [DEBUG] 心跳发送成功
[11-09 23:40:46] [DEBUG] 心跳发送成功
[11-09 23:41:27] [DEBUG] 心跳发送成功
[11-09 23:42:08] [DEBUG] 心跳发送成功
[11-09 23:42:50] [DEBUG] 心跳发送成功
[11-09 23:43:31] [DEBUG] 心跳发送成功
[11-09 23:44:12] [DEBUG] 心跳发送成功
[11-09 23:44:53] [DEBUG] 心跳发送成功
[11-09 23:45:35] [DEBUG] 心跳发送成功
[11-09 23:46:16] [DEBUG] 心跳发送成功
[11-09 23:46:57] [DEBUG] 心跳发送成功
[11-09 23:47:38] [DEBUG] 心跳发送成功
[11-09 23:48:20] [DEBUG] 心跳发送成功
[11-09 23:49:01] [DEBUG] 心跳发送成功
[11-09 23:49:42] [DEBUG] 心跳发送成功
[11-09 23:50:23] [DEBUG] 心跳发送成功
[11-09 23:51:05] [DEBUG] 心跳发送成功
[11-09 23:51:46] [DEBUG] 心跳发送成功
[11-09 23:52:27] [DEBUG] 心跳发送成功
[11-09 23:53:08] [DEBUG] 心跳发送成功
[11-09 23:53:50] [DEBUG] 心跳发送成功
[11-09 23:54:31] [DEBUG] 心跳发送成功
[11-09 23:55:12] [DEBUG] 心跳发送成功
[11-09 23:55:53] [DEBUG] 心跳发送成功
[11-09 23:56:35] [DEBUG] 心跳发送成功
[11-09 23:57:16] [DEBUG] 心跳发送成功
[11-09 23:57:57] [DEBUG] 心跳发送成功
[11-09 23:58:38] [DEBUG] 心跳发送成功
[11-09 23:59:20] [DEBUG] 心跳发送成功
