[11-14 22:10:12] [INFO] Session Manager 读取了 D:\code\xiaoling-bot0830\session_data 的数据
[11-14 22:10:12] [INFO] 消息（所有消息）接收函数订阅成功
[11-14 22:10:12] [INFO] 论坛事件订阅成功
[11-14 22:10:12] [INFO] 初始事件注册成功
[11-14 22:10:13] [DEBUG] [机器人ws地址] wss://api.sgroup.qq.com/websocket
[11-14 22:10:14] [INFO] 连接成功，机器人开始运行
[11-14 22:10:15] [INFO] 机器人频道用户ID：16339539897453438804
[11-14 22:10:15] [INFO] 机器人在小灵bot测试频道运行
[11-14 22:10:56] [DEBUG] 心跳发送成功
[11-14 22:11:10] [INFO] 开始检验
[11-14 22:11:14] [INFO] @小灵bot 下列信息均为本人自愿自主提供
学校名称：成都市中和中学初中部安和校区
学校地址：中国四川省成都市双流区康和东四街169号
举报途径：成都市12345
举报正文：成都市中和中学安和校区初中部初三年级每周天以周末托管的名义进行补课，内容为老师发卷子然后学生做完再评讲。
补课时间为每周天早上九点到晚八点十分
收费情况：暂未收费
[11-14 22:11:37] [DEBUG] 心跳发送成功
[11-14 22:11:39] [INFO] 开始检验
[11-14 22:11:43] [INFO] @小灵bot 
下列信息均为本人自愿自主提供，且确保信息真实
学校名称：成都市中和中学初中部安和校区
学校地址：中国四川省成都市双流区康和东四街169号
举报途径：成都市12345
举报正文：成都市中和中学安和校区初中部初三年级每周天以周末托管的名义进行补课，内容为老师发卷子然后学生做完再评讲。
补课时间为每周天早上九点到晚八点十分
收费情况：暂未收费
[11-14 22:11:44] [INFO]  风华悦灵 通过考核
[11-14 22:11:53] [INFO] 开始检验
[11-14 22:11:56] [INFO] @小灵bot 
下列信息均为本人自愿自主提供，且确保信息真实
学校名称：成都市中和中学初中部安和校区
学校地址：中国四川省成都市双流区康和东四街169号
举报途径：028-12345
举报正文：成都市中和中学安和校区初中部初三年级每周天以周末托管的名义进行补课，内容为老师发卷子然后学生做完再评讲。
补课时间为每周天早上九点到晚八点十分
收费情况：暂未收费
[11-14 22:11:57] [INFO]  风华悦灵 通过考核
[11-14 22:12:18] [DEBUG] 心跳发送成功
[11-14 22:13:01] [INFO] Session Manager 读取了 D:\code\xiaoling-bot0830\session_data 的数据
[11-14 22:13:01] [INFO] 消息（所有消息）接收函数订阅成功
[11-14 22:13:01] [INFO] 论坛事件订阅成功
[11-14 22:13:01] [INFO] 初始事件注册成功
[11-14 22:13:02] [DEBUG] [机器人ws地址] wss://api.sgroup.qq.com/websocket
[11-14 22:13:02] [INFO] 连接成功，机器人开始运行
[11-14 22:13:02] [INFO] 机器人频道用户ID：16339539897453438804
[11-14 22:13:02] [INFO] 机器人在小灵bot测试频道运行
[11-14 22:13:12] [INFO] 开始检验
[11-14 22:13:16] [INFO] @小灵bot 
下列信息均为本人自愿自主提供，且确保信息真实
学校名称：成都市中和中学初中部安和校区
学校地址：中国四川省成都市双流区康和东四街169号
举报途径：成都市12345
举报正文：成都市中和中学安和校区初中部初三年级每周天以周末托管的名义进行补课，内容为老师发卷子然后学生做完再评讲。
补课时间为每周天早上九点到晚八点十分
收费情况：暂未收费
[11-14 22:13:17] [INFO]  风华悦灵 通过考核
[11-14 22:13:44] [DEBUG] 心跳发送成功
[11-14 22:14:00] [INFO] Session Manager 读取了 D:\code\xiaoling-bot0830\session_data 的数据
[11-14 22:14:00] [INFO] 消息（所有消息）接收函数订阅成功
[11-14 22:14:00] [INFO] 论坛事件订阅成功
[11-14 22:14:00] [INFO] 初始事件注册成功
[11-14 22:14:00] [DEBUG] [机器人ws地址] wss://api.sgroup.qq.com/websocket
[11-14 22:14:00] [INFO] 连接成功，机器人开始运行
[11-14 22:14:00] [INFO] 机器人频道用户ID：16339539897453438804
[11-14 22:14:00] [INFO] 机器人在小灵bot测试频道运行
[11-14 22:14:04] [INFO] 开始检验
[11-14 22:14:10] [INFO] @小灵bot 
下列信息均为本人自愿自主提供，且确保信息真实
学校名称：成都市中和中学初中部安和校区
学校地址：中国四川省成都市双流区康和东四街169号
举报途径：成都市12345
举报正文：成都市中和中学安和校区初中部初三年级每周天以周末托管的名义进行补课，内容为老师发卷子然后学生做完再评讲。
补课时间为每周天早上九点到晚八点十分
收费情况：暂未收费
[11-14 22:14:51] [INFO] Session Manager 读取了 D:\code\xiaoling-bot0830\session_data 的数据
[11-14 22:14:51] [INFO] 消息（所有消息）接收函数订阅成功
[11-14 22:14:51] [INFO] 论坛事件订阅成功
[11-14 22:14:51] [INFO] 初始事件注册成功
[11-14 22:14:51] [DEBUG] [机器人ws地址] wss://api.sgroup.qq.com/websocket
[11-14 22:14:52] [INFO] 连接成功，机器人开始运行
[11-14 22:14:52] [INFO] 机器人频道用户ID：16339539897453438804
[11-14 22:14:52] [INFO] 机器人在小灵bot测试频道运行
[11-14 22:14:55] [INFO] 开始检验
[11-14 22:15:02] [INFO] @小灵bot 
下列信息均为本人自愿自主提供，且确保信息真实
学校名：龙茗镇初级中学
违规行为：实验班周六留校，周末只放不到24小时
龙茗镇教育局：0771-3530177
天等县教育局：0771-3521180
崇左市教育局：0771-7835759
[11-14 22:15:28] [INFO] 开始检验
[11-14 22:15:33] [DEBUG] 心跳发送成功
[11-14 22:15:34] [INFO] @小灵bot 
下列信息均为本人自愿自主提供，且确保信息真实
学校名称:河南省济源市第一中学
地址:济源市
电话号码:
济源教育局：
0391-6633733
河南基础教育处电话：
0371-69691083
0371-69691896
济源市市民热线：0391-6812345
违规行为:济源市第一中学在双休期间，不放假，连着上两周，违规组织高二学生进行补课。
收费情况:不收费
对象：高二
诉求：恢复每周是正常休息
[11-14 22:16:12] [INFO] 开始检验
[11-14 22:16:14] [DEBUG] 心跳发送成功
[11-14 22:16:17] [INFO] @小灵bot 
下列信息均为本人自愿自主提供，且确保信息真实
学校名称：福建省漳平第一中学
办学性质：公立中学
学校地址：福建省龙岩市漳平市江滨路412号
电话举报：
福建教育厅电话
0591-87822232
漳平市教育局电话
0597-7533862
福建省人民政府教育督导办公室0591-87091511
违规行为：要求高三学生（高一高二各年段情况不同）在10月3号下午6点20分至10月7号下午6点20分到校按正常作息开始自主学习活动，晚上正常晚自习到10点，安排老师看班并自主安排学习内容（其实就是名义自习，实则上课），请假名单需上报学校
范围：全体高三生
诉求：正常按法定节假日安排放完国庆假期
[11-14 22:16:55] [DEBUG] 心跳发送成功
[11-14 22:17:37] [DEBUG] 心跳发送成功
[11-14 22:18:18] [DEBUG] 心跳发送成功
[11-14 22:18:59] [DEBUG] 心跳发送成功
[11-14 22:19:15] [INFO] Session Manager 读取了 D:\code\xiaoling-bot0830\session_data 的数据
[11-14 22:19:15] [INFO] 消息（所有消息）接收函数订阅成功
[11-14 22:19:15] [INFO] 论坛事件订阅成功
[11-14 22:19:15] [INFO] 初始事件注册成功
[11-14 22:19:15] [DEBUG] [机器人ws地址] wss://api.sgroup.qq.com/websocket
[11-14 22:19:16] [INFO] 连接成功，机器人开始运行
[11-14 22:19:16] [INFO] 机器人频道用户ID：16339539897453438804
[11-14 22:19:16] [INFO] 机器人在学生互助频道运行
[11-14 22:19:57] [DEBUG] 心跳发送成功
[11-14 22:20:38] [DEBUG] 心跳发送成功
[11-14 22:21:19] [DEBUG] 心跳发送成功
[11-14 22:22:01] [DEBUG] 心跳发送成功
[11-14 22:22:42] [DEBUG] 心跳发送成功
[11-14 22:23:23] [DEBUG] 心跳发送成功
[11-14 22:24:04] [DEBUG] 心跳发送成功
[11-14 22:24:46] [DEBUG] 心跳发送成功
[11-14 22:24:59] [INFO] 开始答疑
[11-14 22:25:09] [INFO] 要拨打省级12345，你可以按照以下步骤操作：

1. **拨打市级12345**：首先拨打你所在城市的区号+12345，例如如果你在北京市，就拨打010-12345。

2. **要求转接省级12345**：当你接通市级12345后，告知接线员你需要转接省级12345。接线员会帮助你转接到相应的省级热线。

3. **晚间拨打策略**：如果在晚上市级12345只有一个人值班，并且该接线员有意包庇学校或难为你，你可以尝试拨打同省其他市的12345，让他们帮你转接省级12345。

通过这些步骤，你可以成功拨打省级12345，并进行相关的举报或咨询。
