[11-15 17:19:30] [INFO] Session Manager 读取了 D:\code\xiaoling-bot0830\session_data 的数据
[11-15 17:19:30] [INFO] 消息（所有消息）接收函数订阅成功
[11-15 17:19:30] [INFO] 论坛事件订阅成功
[11-15 17:19:30] [INFO] 初始事件注册成功
[11-15 17:19:30] [DEBUG] [机器人ws地址] wss://api.sgroup.qq.com/websocket
[11-15 17:19:31] [INFO] 连接成功，机器人开始运行
[11-15 17:19:31] [INFO] 机器人频道用户ID：16339539897453438804
[11-15 17:19:31] [INFO] 机器人在学生互助频道运行
[11-15 17:19:43] [INFO] 开始检验
[11-15 17:19:48] [INFO] @小灵bot 
下列信息均为本人自愿自主提供，且确保信息真实
学校名称:河南省济源市第一中学
地址:济源市
电话号码:
济源教育局：0391-6633733
河南基础教育处电话：0371-69691083 0371-69691896
济源市市民热线：0391-6812345
违规行为:济源市第一中学在双休期间，不放假，连着上两周，违规组织高二学生进行补课。
收费情况:不收费
对象：高二
诉求：恢复每周是正常休息
[11-15 17:20:12] [DEBUG] 心跳发送成功
[11-15 17:20:53] [DEBUG] 心跳发送成功
[11-15 17:22:52] [INFO] Session Manager 读取了 D:\code\xiaoling-bot0830\session_data 的数据
[11-15 17:22:52] [INFO] 消息（所有消息）接收函数订阅成功
[11-15 17:22:52] [INFO] 论坛事件订阅成功
[11-15 17:22:52] [INFO] 初始事件注册成功
[11-15 17:22:53] [DEBUG] [机器人ws地址] wss://api.sgroup.qq.com/websocket
[11-15 17:22:54] [INFO] 连接成功，机器人开始运行
[11-15 17:22:54] [INFO] 机器人频道用户ID：16339539897453438804
[11-15 17:22:54] [INFO] 机器人在学生互助频道运行
[11-15 17:23:35] [DEBUG] 心跳发送成功
[11-15 17:24:16] [DEBUG] 心跳发送成功
[11-15 17:24:58] [DEBUG] 心跳发送成功
[11-15 17:25:39] [DEBUG] 心跳发送成功
[11-15 17:26:20] [DEBUG] 心跳发送成功
[11-15 17:27:01] [DEBUG] 心跳发送成功
[11-15 17:27:43] [DEBUG] 心跳发送成功
[11-15 17:28:16] [INFO] 开始检验
[11-15 17:28:22] [INFO] @小灵bot 
下列信息均为本人自愿自主提供，且确保信息真实
学校名称:河南省济源市第一中学
地址:济源市
电话号码:
济源教育局：0391-6633733
河南基础教育处电话：0371-69691083 0371-69691896
济源市市民热线：0391-6812345
违规行为:济源市第一中学在双休期间，不放假，连着上两周，违规组织高二学生进行补课。
收费情况:不收费
对象：高二
诉求：恢复每周是正常休息
[11-15 17:28:24] [DEBUG] 心跳发送成功
