[11-10 00:00:01] [DEBUG] 心跳发送成功
[11-10 00:00:42] [DEBUG] 心跳发送成功
[11-10 00:01:23] [DEBUG] 心跳发送成功
[11-10 00:02:05] [DEBUG] 心跳发送成功
[11-10 00:02:46] [DEBUG] 心跳发送成功
[11-10 00:03:27] [DEBUG] 心跳发送成功
[11-10 00:04:08] [DEBUG] 心跳发送成功
[11-10 00:04:50] [DEBUG] 心跳发送成功
[11-10 00:05:31] [DEBUG] 心跳发送成功
[11-10 00:06:12] [DEBUG] 心跳发送成功
[11-10 00:06:38] [WARNING] BOT_WS链接已断开，正在尝试重连……
[11-10 00:06:41] [INFO] 重连成功，机器人继续运行
[11-10 00:07:23] [DEBUG] 心跳发送成功
[11-10 00:08:04] [DEBUG] 心跳发送成功
[11-10 00:08:45] [DEBUG] 心跳发送成功
[11-10 00:09:26] [DEBUG] 心跳发送成功
[11-10 00:10:08] [DEBUG] 心跳发送成功
[11-10 00:10:49] [DEBUG] 心跳发送成功
[11-10 00:11:30] [DEBUG] 心跳发送成功
[11-10 00:12:11] [DEBUG] 心跳发送成功
[11-10 00:12:53] [DEBUG] 心跳发送成功
[11-10 00:13:34] [DEBUG] 心跳发送成功
[11-10 00:14:15] [DEBUG] 心跳发送成功
[11-10 00:14:57] [DEBUG] 心跳发送成功
[11-10 00:15:38] [DEBUG] 心跳发送成功
[11-10 00:16:19] [DEBUG] 心跳发送成功
[11-10 00:17:00] [DEBUG] 心跳发送成功
[11-10 00:17:42] [DEBUG] 心跳发送成功
[11-10 00:18:23] [DEBUG] 心跳发送成功
[11-10 00:19:04] [DEBUG] 心跳发送成功
[11-10 00:19:45] [DEBUG] 心跳发送成功
[11-10 00:20:27] [DEBUG] 心跳发送成功
[11-10 00:21:08] [DEBUG] 心跳发送成功
[11-10 00:21:49] [DEBUG] 心跳发送成功
[11-10 00:22:30] [DEBUG] 心跳发送成功
[11-10 00:23:12] [DEBUG] 心跳发送成功
[11-10 00:23:53] [DEBUG] 心跳发送成功
[11-10 00:24:34] [DEBUG] 心跳发送成功
[11-10 00:25:15] [DEBUG] 心跳发送成功
[11-10 00:25:57] [DEBUG] 心跳发送成功
[11-10 00:26:38] [DEBUG] 心跳发送成功
[11-10 00:27:19] [DEBUG] 心跳发送成功
[11-10 00:28:00] [DEBUG] 心跳发送成功
[11-10 00:28:42] [DEBUG] 心跳发送成功
[11-10 00:29:23] [DEBUG] 心跳发送成功
[11-10 00:30:04] [DEBUG] 心跳发送成功
[11-10 00:30:45] [DEBUG] 心跳发送成功
[11-10 00:31:27] [DEBUG] 心跳发送成功
[11-10 00:32:08] [DEBUG] 心跳发送成功
[11-10 00:32:49] [DEBUG] 心跳发送成功
[11-10 00:33:30] [DEBUG] 心跳发送成功
[11-10 00:34:12] [DEBUG] 心跳发送成功
[11-10 00:34:53] [DEBUG] 心跳发送成功
[11-10 00:35:34] [DEBUG] 心跳发送成功
[11-10 00:36:16] [DEBUG] 心跳发送成功
[11-10 00:36:41] [WARNING] BOT_WS链接已断开，正在尝试重连……
[11-10 00:36:45] [INFO] 重连成功，机器人继续运行
[11-10 00:37:26] [DEBUG] 心跳发送成功
[11-10 00:38:07] [DEBUG] 心跳发送成功
[11-10 00:38:49] [DEBUG] 心跳发送成功
[11-10 00:39:30] [DEBUG] 心跳发送成功
[11-10 00:40:11] [DEBUG] 心跳发送成功
[11-10 00:40:52] [DEBUG] 心跳发送成功
[11-10 00:41:34] [DEBUG] 心跳发送成功
[11-10 00:42:15] [DEBUG] 心跳发送成功
[11-10 00:42:56] [DEBUG] 心跳发送成功
[11-10 00:43:37] [DEBUG] 心跳发送成功
[11-10 00:44:19] [DEBUG] 心跳发送成功
[11-10 00:45:00] [DEBUG] 心跳发送成功
[11-10 00:45:41] [DEBUG] 心跳发送成功
[11-10 00:46:22] [DEBUG] 心跳发送成功
[11-10 00:47:04] [DEBUG] 心跳发送成功
[11-10 00:47:45] [DEBUG] 心跳发送成功
[11-10 00:48:26] [DEBUG] 心跳发送成功
[11-10 00:49:07] [DEBUG] 心跳发送成功
[11-10 00:49:49] [DEBUG] 心跳发送成功
[11-10 00:50:30] [DEBUG] 心跳发送成功
[11-10 00:51:11] [DEBUG] 心跳发送成功
[11-10 00:51:52] [DEBUG] 心跳发送成功
[11-10 00:52:34] [DEBUG] 心跳发送成功
[11-10 00:53:15] [DEBUG] 心跳发送成功
[11-10 00:53:56] [DEBUG] 心跳发送成功
[11-10 00:54:38] [DEBUG] 心跳发送成功
[11-10 00:55:19] [DEBUG] 心跳发送成功
[11-10 00:56:00] [DEBUG] 心跳发送成功
[11-10 00:56:41] [DEBUG] 心跳发送成功
[11-10 00:57:23] [DEBUG] 心跳发送成功
[11-10 00:58:04] [DEBUG] 心跳发送成功
[11-10 00:58:45] [DEBUG] 心跳发送成功
[11-10 00:59:26] [DEBUG] 心跳发送成功
[11-10 01:00:08] [DEBUG] 心跳发送成功
[11-10 01:00:49] [DEBUG] 心跳发送成功
[11-10 01:01:30] [DEBUG] 心跳发送成功
[11-10 01:02:11] [DEBUG] 心跳发送成功
[11-10 01:02:53] [DEBUG] 心跳发送成功
[11-10 01:03:34] [DEBUG] 心跳发送成功
[11-10 01:04:15] [DEBUG] 心跳发送成功
[11-10 01:04:56] [DEBUG] 心跳发送成功
[11-10 01:05:38] [DEBUG] 心跳发送成功
[11-10 01:06:19] [DEBUG] 心跳发送成功
[11-10 01:06:45] [WARNING] BOT_WS链接已断开，正在尝试重连……
[11-10 01:06:48] [INFO] 重连成功，机器人继续运行
[11-10 01:07:29] [DEBUG] 心跳发送成功
[11-10 01:08:11] [DEBUG] 心跳发送成功
[11-10 01:08:52] [DEBUG] 心跳发送成功
[11-10 01:09:33] [DEBUG] 心跳发送成功
[11-10 01:10:14] [DEBUG] 心跳发送成功
[11-10 01:10:56] [DEBUG] 心跳发送成功
[11-10 01:11:37] [DEBUG] 心跳发送成功
[11-10 01:12:18] [DEBUG] 心跳发送成功
[11-10 01:12:59] [DEBUG] 心跳发送成功
[11-10 01:13:41] [DEBUG] 心跳发送成功
[11-10 01:14:22] [DEBUG] 心跳发送成功
[11-10 01:15:03] [DEBUG] 心跳发送成功
[11-10 01:15:44] [DEBUG] 心跳发送成功
[11-10 01:16:26] [DEBUG] 心跳发送成功
[11-10 01:17:07] [DEBUG] 心跳发送成功
[11-10 01:17:48] [DEBUG] 心跳发送成功
[11-10 01:18:29] [DEBUG] 心跳发送成功
[11-10 01:19:11] [DEBUG] 心跳发送成功
[11-10 01:19:52] [DEBUG] 心跳发送成功
[11-10 01:20:33] [DEBUG] 心跳发送成功
[11-10 01:21:14] [DEBUG] 心跳发送成功
[11-10 01:21:56] [DEBUG] 心跳发送成功
[11-10 01:22:37] [DEBUG] 心跳发送成功
[11-10 01:23:18] [DEBUG] 心跳发送成功
[11-10 01:24:00] [DEBUG] 心跳发送成功
[11-10 01:24:41] [DEBUG] 心跳发送成功
[11-10 01:25:22] [DEBUG] 心跳发送成功
[11-10 01:26:03] [DEBUG] 心跳发送成功
[11-10 01:26:45] [DEBUG] 心跳发送成功
[11-10 01:27:26] [DEBUG] 心跳发送成功
[11-10 01:28:07] [DEBUG] 心跳发送成功
[11-10 01:28:48] [DEBUG] 心跳发送成功
[11-10 01:29:30] [DEBUG] 心跳发送成功
[11-10 01:30:11] [DEBUG] 心跳发送成功
[11-10 01:30:52] [DEBUG] 心跳发送成功
[11-10 01:31:33] [DEBUG] 心跳发送成功
[11-10 01:32:15] [DEBUG] 心跳发送成功
[11-10 01:32:56] [DEBUG] 心跳发送成功
[11-10 01:33:37] [DEBUG] 心跳发送成功
[11-10 01:34:18] [DEBUG] 心跳发送成功
[11-10 01:35:00] [DEBUG] 心跳发送成功
[11-10 01:35:41] [DEBUG] 心跳发送成功
[11-10 01:36:22] [DEBUG] 心跳发送成功
[11-10 01:36:48] [WARNING] BOT_WS链接已断开，正在尝试重连……
[11-10 01:36:51] [INFO] 重连成功，机器人继续运行
[11-10 01:37:32] [DEBUG] 心跳发送成功
[11-10 01:38:14] [DEBUG] 心跳发送成功
[11-10 01:38:55] [DEBUG] 心跳发送成功
[11-10 01:39:36] [DEBUG] 心跳发送成功
[11-10 01:40:17] [DEBUG] 心跳发送成功
[11-10 01:40:59] [DEBUG] 心跳发送成功
[11-10 01:41:40] [DEBUG] 心跳发送成功
[11-10 01:42:21] [DEBUG] 心跳发送成功
[11-10 01:43:03] [DEBUG] 心跳发送成功
[11-10 01:43:44] [DEBUG] 心跳发送成功
[11-10 01:44:25] [DEBUG] 心跳发送成功
[11-10 01:45:06] [DEBUG] 心跳发送成功
[11-10 01:45:48] [DEBUG] 心跳发送成功
[11-10 01:46:29] [DEBUG] 心跳发送成功
[11-10 01:47:10] [DEBUG] 心跳发送成功
[11-10 01:47:51] [DEBUG] 心跳发送成功
[11-10 01:48:33] [DEBUG] 心跳发送成功
[11-10 01:49:14] [DEBUG] 心跳发送成功
[11-10 01:49:55] [DEBUG] 心跳发送成功
[11-10 01:50:36] [DEBUG] 心跳发送成功
[11-10 01:51:18] [DEBUG] 心跳发送成功
[11-10 01:51:59] [DEBUG] 心跳发送成功
[11-10 01:52:40] [DEBUG] 心跳发送成功
[11-10 01:53:21] [DEBUG] 心跳发送成功
[11-10 01:54:03] [DEBUG] 心跳发送成功
[11-10 01:54:44] [DEBUG] 心跳发送成功
[11-10 01:55:25] [DEBUG] 心跳发送成功
[11-10 01:56:06] [DEBUG] 心跳发送成功
[11-10 01:56:48] [DEBUG] 心跳发送成功
[11-10 12:06:57] [WARNING] BOT_WS链接已断开，正在尝试重连……
[11-10 12:07:01] [WARNING] BOT_WS链接已断开，正在尝试重连……
[11-10 12:07:01] [ERROR] ClientConnectorError(ConnectionKey(host='api.sgroup.qq.com', port=443, is_ssl=True, ssl=<ssl.SSLContext object at 0x00000121D5CEFEC0>, proxy=None, proxy_auth=None, proxy_headers_hash=None), gaierror(11004, 'getaddrinfo failed'))
[11-10 12:07:01] [ERROR] [error:ClientConnectorError(ConnectionKey(host='api.sgroup.qq.com', port=443, is_ssl=True, ssl=<ssl.SSLContext object at 0x00000121D5CEFEC0>, proxy=None, proxy_auth=None, proxy_headers_hash=None), gaierror(11004, 'getaddrinfo failed'))] File "C:\Users\particle\AppData\Local\Programs\Python\Python39\lib\site-packages\aiohttp\connector.py", line 1187, in _create_direct_connection
[11-10 12:07:05] [INFO] 重连成功，机器人继续运行
[11-10 12:07:46] [DEBUG] 心跳发送成功
